#
# There is insufficient memory for the Java Runtime Environment to continue.
# Native memory allocation (malloc) failed to allocate 360 bytes for AllocateHeap
# Possible reasons:
#   The system is out of physical RAM or swap space
#   In 32 bit mode, the process size limit was hit
# Possible solutions:
#   Reduce memory load on the system
#   Increase physical memory or swap space
#   Check if swap backing store is full
#   Use 64 bit Java on a 64 bit OS
#   Decrease Java heap size (-Xmx/-Xms)
#   Decrease number of Java threads
#   Decrease Java thread stack sizes (-Xss)
#   Set larger code cache with -XX:ReservedCodeCacheSize=
# This output file may be truncated or incomplete.
#
#  Out of Memory Error (memory/allocation.inline.hpp:61), pid=6924, tid=3836
#
# JRE version: Java(TM) SE Runtime Environment (8.0_60-b27) (build 1.8.0_60-b27)
# Java VM: Java HotSpot(TM) 64-Bit Server VM (25.60-b23 mixed mode windows-amd64 compressed oops)
# Failed to write core dump. Minidumps are not enabled by default on client versions of Windows
#

---------------  T H R E A D  ---------------

Current thread (0x000000001520e000):  JavaThread "C2 CompilerThread1" daemon [_thread_in_vm, id=3836, stack(0x0000000016c00000,0x0000000016d00000)]

Stack: [0x0000000016c00000,0x0000000016d00000]
[error occurred during error reporting (printing stack bounds), id 0xc0000005]

Native frames: (J=compiled Java code, j=interpreted, Vv=VM code, C=native code)


Current CompileTask:
C2:   4261  985       4       com.android.dx.rop.cst.Constant::compareTo (9 bytes)


---------------  P R O C E S S  ---------------

Java Threads: ( => current thread )
  0x0000000016a70000 JavaThread "pool-2-thread-4" [_thread_blocked, id=13120, stack(0x0000000017400000,0x0000000017500000)]
  0x00000000169c7000 JavaThread "pool-2-thread-3" [_thread_blocked, id=2848, stack(0x0000000017300000,0x0000000017400000)]
  0x00000000169c5800 JavaThread "pool-2-thread-2" [_thread_blocked, id=12844, stack(0x0000000017200000,0x0000000017300000)]
  0x00000000169c3000 JavaThread "pool-3-thread-1" [_thread_blocked, id=14200, stack(0x0000000017100000,0x0000000017200000)]
  0x00000000169c2000 JavaThread "pool-2-thread-1" [_thread_blocked, id=7068, stack(0x0000000017000000,0x0000000017100000)]
  0x000000001686a800 JavaThread "Service Thread" daemon [_thread_blocked, id=7716, stack(0x0000000016e00000,0x0000000016f00000)]
  0x0000000016802800 JavaThread "C1 CompilerThread2" daemon [_thread_blocked, id=3096, stack(0x0000000016d00000,0x0000000016e00000)]
=>0x000000001520e000 JavaThread "C2 CompilerThread1" daemon [_thread_in_vm, id=3836, stack(0x0000000016c00000,0x0000000016d00000)]
  0x000000001520c000 JavaThread "C2 CompilerThread0" daemon [_thread_blocked, id=11708, stack(0x0000000016700000,0x0000000016800000)]
  0x0000000015209000 JavaThread "Attach Listener" daemon [_thread_blocked, id=14188, stack(0x0000000016600000,0x0000000016700000)]
  0x00000000151be800 JavaThread "Signal Dispatcher" daemon [_thread_blocked, id=9552, stack(0x0000000016500000,0x0000000016600000)]
  0x0000000002ad1000 JavaThread "Finalizer" daemon [_thread_blocked, id=7144, stack(0x0000000016400000,0x0000000016500000)]
  0x0000000002ace800 JavaThread "Reference Handler" daemon [_thread_blocked, id=5700, stack(0x0000000016300000,0x0000000016400000)]
  0x000000000090e000 JavaThread "main" [_thread_blocked, id=10204, stack(0x00000000028e0000,0x00000000029e0000)]

Other Threads:
  0x0000000015177000 VMThread [stack: 0x0000000016200000,0x0000000016300000] [id=13460]
  0x0000000016885000 WatcherThread [stack: 0x0000000016f00000,0x0000000017000000] [id=5752]

VM state:not at safepoint (normal execution)

VM Mutex/Monitor currently owned by a thread:  ([mutex/lock_event])
[0x000000000090bd80] CodeCache_lock - owner thread: 0x000000001520e000
[0x00000000029e17d0] Compile_lock - owner thread: 0x000000001520e000
[0x00000000029e1450] MethodCompileQueue_lock - owner thread: 0x000000001520e000

Heap:
 PSYoungGen      total 37888K, used 19263K [0x00000000eab00000, 0x00000000ed500000, 0x0000000100000000)
  eden space 32768K, 58% used [0x00000000eab00000,0x00000000ebdcff08,0x00000000ecb00000)
  from space 5120K, 0% used [0x00000000ed000000,0x00000000ed000000,0x00000000ed500000)
  to   space 5120K, 0% used [0x00000000ecb00000,0x00000000ecb00000,0x00000000ed000000)
 ParOldGen       total 86016K, used 0K [0x00000000c0000000, 0x00000000c5400000, 0x00000000eab00000)
  object space 86016K, 0% used [0x00000000c0000000,0x00000000c0000000,0x00000000c5400000)
 Metaspace       used 5885K, capacity 6774K, committed 7040K, reserved 1056768K
  class space    used 603K, capacity 622K, committed 640K, reserved 1048576K

Card table byte_map: [0x0000000011ea0000,0x00000000120b0000] byte_map_base: 0x00000000118a0000

Marking Bits: (ParMarkBitMap*) 0x000000006122a5b0
 Begin Bits: [0x0000000012610000, 0x0000000013610000)
 End Bits:   [0x0000000013610000, 0x0000000014610000)

Polling page: 0x0000000000d00000

CodeCache: size=245760Kb used=3944Kb max_used=3944Kb free=241815Kb
 bounds [0x0000000002ae0000, 0x0000000002ec0000, 0x0000000011ae0000]
 total_blobs=1256 nmethods=982 adapters=184
 compilation: enabled

Compilation events (10 events):
Event: 4.255 Thread 0x0000000016802800  983       3       java.util.TreeMap::getFirstEntry (26 bytes)
Event: 4.255 Thread 0x0000000016802800 nmethod 983 0x0000000002eadf50 code [0x0000000002eae0c0, 0x0000000002eae2f0]
Event: 4.255 Thread 0x0000000016802800  976       3       com.android.dx.rop.code.RegisterSpec::getBasicFrameType (10 bytes)
Event: 4.255 Thread 0x0000000016802800 nmethod 976 0x0000000002eafb10 code [0x0000000002eafc80, 0x0000000002eafea8]
Event: 4.255 Thread 0x0000000016802800  982       3       com.android.dx.dex.code.FixedSizeInsn::<init> (8 bytes)
Event: 4.255 Thread 0x0000000016802800 nmethod 982 0x0000000002eb7290 code [0x0000000002eb7400, 0x0000000002eb7588]
Event: 4.255 Thread 0x0000000016802800  984       3       java.util.TreeMap::rotateLeft (96 bytes)
Event: 4.255 Thread 0x000000001520c000  987       4       java.lang.String::<init> (82 bytes)
Event: 4.255 Thread 0x0000000016802800 nmethod 984 0x0000000002eb6cd0 code [0x0000000002eb6e40, 0x0000000002eb7190]
Event: 4.255 Thread 0x0000000016802800  986       3       com.android.dx.dex.code.CstInsn::<init> (39 bytes)

GC Heap History (0 events):
No events

Deoptimization events (1 events):
Event: 3.400 Thread 0x000000000090e000 Uncommon trap: reason=unstable_if action=reinterpret pc=0x0000000002d20cdc method=java.util.HashMap.getNode(ILjava/lang/Object;)Ljava/util/HashMap$Node; @ 129

Internal exceptions (2 events):
Event: 0.078 Thread 0x000000000090e000 Exception <a 'java/lang/NoSuchMethodError': Method sun.misc.Unsafe.defineClass(Ljava/lang/String;[BII)Ljava/lang/Class; name or signature does not match> (0x00000000eab13088) thrown at [C:\re\workspace\8-2-build-windows-amd64-cygwin\jdk8u60\4407\hotspot\srb_Xð™ê³?
Event: 0.078 Thread 0x000000000090e000 Exception <a 'java/lang/NoSuchMethodError': Method sun.misc.Unsafe.prefetchRead(Ljava/lang/Object;J)V name or signature does not match> (0x00000000eab13370) thrown at [C:\re\workspace\8-2-build-windows-amd64-cygwin\jdk8u60\4407\hotspot\src\share\vm\prims\j

Events (10 events):
Event: 3.428 loading class com/android/dx/cf/code/BytecodeArray$ConstantParserVisitor
Event: 3.428 loading class com/android/dx/cf/code/BytecodeArray$ConstantParserVisitor done
Event: 3.571 loading class java/util/ArrayList$1
Event: 3.571 loading class java/util/ArrayList$1 done
Event: 3.579 loading class java/util/TreeMap$EntrySet
Event: 3.580 loading class java/util/TreeMap$EntrySet done
Event: 3.580 loading class java/util/TreeMap$EntryIterator
Event: 3.580 loading class java/util/TreeMap$EntryIterator done
Event: 3.666 loading class java/util/DualPivotQuicksort
Event: 3.666 loading class java/util/DualPivotQuicksort done


Dynamic libraries:
0x00007ff7416d0000 - 0x00007ff741707000 	C:\Program Files\Java\jdk1.8.0_60\bin\java.exe
0x00007ffaad4c0000 - 0x00007ffaad681000 	C:\Windows\SYSTEM32\ntdll.dll
0x00007ffaabe30000 - 0x00007ffaabedd000 	C:\Windows\system32\KERNEL32.DLL
0x00007ffaa9d90000 - 0x00007ffaa9f78000 	C:\Windows\system32\KERNELBASE.dll
0x00007ffaaca30000 - 0x00007ffaacad7000 	C:\Windows\system32\ADVAPI32.dll
0x00007ffaac530000 - 0x00007ffaac5cd000 	C:\Windows\system32\msvcrt.dll
0x00007ffaacd60000 - 0x00007ffaacdbb000 	C:\Windows\system32\sechost.dll
0x00007ffaad1f0000 - 0x00007ffaad30c000 	C:\Windows\system32\RPCRT4.dll
0x00007ffaac630000 - 0x00007ffaac786000 	C:\Windows\system32\USER32.dll
0x00007ffaac8a0000 - 0x00007ffaaca26000 	C:\Windows\system32\GDI32.dll
0x00007ffaa5530000 - 0x00007ffaa57a4000 	C:\Windows\WinSxS\amd64_microsoft.windows.common-controls_6595b64144ccf1df_6.0.10586.0_none_8c15ae12515e1c22\COMCTL32.dll
0x00007ffaacae0000 - 0x00007ffaacd5d000 	C:\Windows\system32\combase.dll
0x00007ffaa9b70000 - 0x00007ffaa9bda000 	C:\Windows\system32\bcryptPrimitives.dll
0x00007ffaac800000 - 0x00007ffaac83b000 	C:\Windows\system32\IMM32.DLL
0x00007ffaa99d0000 - 0x00007ffaa9a01000 	C:\Windows\system32\nvinitx.dll
0x00007ffaa99c0000 - 0x00007ffaa99ca000 	C:\Windows\SYSTEM32\VERSION.dll
0x00000000630c0000 - 0x00000000630c6000 	C:\Program Files\NVIDIA Corporation\CoProcManager\_etoured.dll
0x00007ffaa6fc0000 - 0x00007ffaa6ff3000 	C:\Program Files\NVIDIA Corporation\CoProcManager\nvd3d9wrapx.dll
0x00007ffaacdc0000 - 0x00007ffaad1e9000 	C:\Windows\system32\SETUPAPI.dll
0x00007ffaaa7c0000 - 0x00007ffaaa803000 	C:\Windows\system32\CFGMGR32.dll
0x00007ffaa6f90000 - 0x00007ffaa6fb2000 	C:\Program Files\NVIDIA Corporation\CoProcManager\nvdxgiwrapx.dll
0x0000000060600000 - 0x00000000606d2000 	C:\Program Files\Java\jdk1.8.0_60\jre\bin\msvcr100.dll
0x0000000060a20000 - 0x00000000612a9000 	C:\Program Files\Java\jdk1.8.0_60\jre\bin\server\jvm.dll
0x00007ffaac7f0000 - 0x00007ffaac7f8000 	C:\Windows\system32\PSAPI.DLL
0x00007ffa9fb90000 - 0x00007ffa9fb99000 	C:\Windows\SYSTEM32\WSOCK32.dll
0x00007ffaa8080000 - 0x00007ffaa80a3000 	C:\Windows\SYSTEM32\WINMM.dll
0x00007ffaac4c0000 - 0x00007ffaac52b000 	C:\Windows\system32\WS2_32.dll
0x00007ffaa7d70000 - 0x00007ffaa7d9c000 	C:\Windows\SYSTEM32\WINMMBASE.dll
0x00000000613a0000 - 0x00000000613af000 	C:\Program Files\Java\jdk1.8.0_60\jre\bin\verify.dll
0x0000000061370000 - 0x0000000061399000 	C:\Program Files\Java\jdk1.8.0_60\jre\bin\java.dll
0x0000000061350000 - 0x0000000061366000 	C:\Program Files\Java\jdk1.8.0_60\jre\bin\zip.dll
0x00007ffaaa8d0000 - 0x00007ffaabe2c000 	C:\Windows\system32\SHELL32.dll
0x00007ffaa9fa0000 - 0x00007ffaaa5e4000 	C:\Windows\system32\windows.storage.dll
0x00007ffaac840000 - 0x00007ffaac892000 	C:\Windows\system32\shlwapi.dll
0x00007ffaa9b60000 - 0x00007ffaa9b6f000 	C:\Windows\system32\kernel.appcore.dll
0x00007ffaa9be0000 - 0x00007ffaa9c95000 	C:\Windows\system32\shcore.dll
0x00007ffaa9ae0000 - 0x00007ffaa9b2b000 	C:\Windows\system32\powrprof.dll
0x00007ffaa9b30000 - 0x00007ffaa9b44000 	C:\Windows\system32\profapi.dll

VM Arguments:
jvm_args: -Djava.awt.headless=true -Xmx1024M -Dfile.encoding=GBK -Duser.country=CN -Duser.language=zh -Duser.variant 
java_command: com.android.dx.command.Main --dex --force-jumbo --num-threads=4 --multi-dex --output D:\library\document\GitHub\ManLvTu-android\fleetingtime\app\build\intermediates\transforms\dex\debug\folders\1000\10\library-1.0.19_245be550197059f7c8921c9cf6421d86ca612f4b C:\Users\wilbert\.gradle\caches\modules-2\files-2.1\com.mcxiaoke.volley\library\1.0.19\a8f23f65fc1e522ee4a1a697ee569901a46741fa\library-1.0.19.jar
java_class_path (initial): D:\software\Android\sdk\build-tools\23.0.3\lib\dx.jar
Launcher Type: SUN_STANDARD

Environment Variables:
PATH=C:\ProgramData\Oracle\Java\javapath;C:\Windows\system32;C:\Windows;C:\Windows\System32\Wbem;C:\Windows\System32\WindowsPowerShell\v1.0\;C:\Users\wilbert\.dnx\bin;C:\Program Files\Microsoft DNX\Dnvm\;C:\Program Files (x86)\Windows Kits\8.1\Windows Performance Toolkit\;C:\Program Files (x86)\NVIDIA Corporation\PhysX\Common;C:\Program Files\Java\jdk1.8.0_60\bin;C:\Windows\system32;C:\Windows;C:\Windows\System32\Wbem;C:\Windows\System32\WindowsPowerShell\v1.0\;C:\Program Files\OpenVPN\bin;C:\Program Files\nodejs\;C:\TDM-GCC-64\bin;D:\software\Android\sdk\platform-tools;C:\Users\wilbert\Anaconda3;C:\Users\wilbert\Anaconda3\Scripts;C:\Users\wilbert\Anaconda3\Library\bin;C:\Users\wilbert\AppData\Local\Programs\Python\Python35\Scripts\;C:\Users\wilbert\AppData\Local\Programs\Python\Python35\;C:\Users\wilbert\AppData\Roaming\npm;C:\Program Files (x86)\Microsoft VS Code\bin;D:\software\Android\sdk\platform-tools
USERNAME=wilbert
OS=Windows_NT
PROCESSOR_IDENTIFIER=Intel64 Family 6 Model 58 Stepping 9, GenuineIntel



---------------  S Y S T E M  ---------------

OS: Windows 10.0 , 64 bit Build 10586 (10.0.10586.0)

CPU:total 4 (2 cores per cpu, 2 threads per core) family 6 model 58 stepping 9, cmov, cx8, fxsr, mmx, sse, sse2, sse3, ssse3, sse4.1, sse4.2, popcnt, avx, aes, clmul, erms, ht, tsc, tscinvbit, tscinv

Memory: 4k page, physical 8223080k(1119304k free), swap 8223080k(2724k free)

vm_info: Java HotSpot(TM) 64-Bit Server VM (25.60-b23) for windows-amd64 JRE (1.8.0_60-b27), built on Aug  4 2015 11:06:27 by "java_re" with MS VC++ 10.0 (VS2010)

time: Mon Jun 27 14:03:54 2016
elapsed time: 4 seconds (0d 0h 0m 4s)

