#
# There is insufficient memory for the Java Runtime Environment to continue.
# Native memory allocation (malloc) failed to allocate 638176 bytes for Chunk::new
# Possible reasons:
#   The system is out of physical RAM or swap space
#   In 32 bit mode, the process size limit was hit
# Possible solutions:
#   Reduce memory load on the system
#   Increase physical memory or swap space
#   Check if swap backing store is full
#   Use 64 bit Java on a 64 bit OS
#   Decrease Java heap size (-Xmx/-Xms)
#   Decrease number of Java threads
#   Decrease Java thread stack sizes (-Xss)
#   Set larger code cache with -XX:ReservedCodeCacheSize=
# This output file may be truncated or incomplete.
#
#  Out of Memory Error (allocation.cpp:390), pid=13744, tid=11696
#
# JRE version: Java(TM) SE Runtime Environment (8.0_60-b27) (build 1.8.0_60-b27)
# Java VM: Java HotSpot(TM) 64-Bit Server VM (25.60-b23 mixed mode windows-amd64 compressed oops)
# Failed to write core dump. Minidumps are not enabled by default on client versions of Windows
#

---------------  T H R E A D  ---------------

Current thread (0x0000000014fbc000):  JavaThread "C2 CompilerThread0" daemon [_thread_in_native, id=11696, stack(0x0000000016530000,0x0000000016630000)]

Stack: [0x0000000016530000,0x0000000016630000]
[error occurred during error reporting (printing stack bounds), id 0xc0000005]

Native frames: (J=compiled Java code, j=interpreted, Vv=VM code, C=native code)


Current CompileTask:
C2:   4216 1298       4       com.android.dx.ssa.back.FirstFitLocalCombiningAllocator$1::processInsn (169 bytes)


---------------  P R O C E S S  ---------------

Java Threads: ( => current thread )
  0x000000001680b000 JavaThread "pool-2-thread-4" [_thread_in_Java, id=1724, stack(0x0000000017230000,0x0000000017330000)]
  0x0000000016809000 JavaThread "pool-2-thread-3" [_thread_in_Java, id=14124, stack(0x0000000017130000,0x0000000017230000)]
  0x0000000016808000 JavaThread "pool-2-thread-2" [_thread_in_Java, id=6360, stack(0x0000000017030000,0x0000000017130000)]
  0x0000000016807800 JavaThread "pool-3-thread-1" [_thread_blocked, id=7584, stack(0x0000000016f30000,0x0000000017030000)]
  0x0000000016692000 JavaThread "Service Thread" daemon [_thread_blocked, id=2320, stack(0x0000000016c30000,0x0000000016d30000)]
  0x000000001668c800 JavaThread "C1 CompilerThread2" daemon [_thread_blocked, id=7876, stack(0x0000000016b30000,0x0000000016c30000)]
  0x0000000016688800 JavaThread "C2 CompilerThread1" daemon [_thread_in_native, id=13380, stack(0x0000000016a30000,0x0000000016b30000)]
=>0x0000000014fbc000 JavaThread "C2 CompilerThread0" daemon [_thread_in_native, id=11696, stack(0x0000000016530000,0x0000000016630000)]
  0x0000000014f6e800 JavaThread "Attach Listener" daemon [_thread_blocked, id=1492, stack(0x0000000016430000,0x0000000016530000)]
  0x0000000014f6e000 JavaThread "Signal Dispatcher" daemon [_thread_blocked, id=8548, stack(0x0000000016330000,0x0000000016430000)]
  0x0000000002880800 JavaThread "Finalizer" daemon [_thread_blocked, id=8628, stack(0x00000000161d0000,0x00000000162d0000)]
  0x000000000287d000 JavaThread "Reference Handler" daemon [_thread_blocked, id=13472, stack(0x00000000160d0000,0x00000000161d0000)]
  0x000000000271e000 JavaThread "main" [_thread_blocked, id=10556, stack(0x00000000025d0000,0x00000000026d0000)]

Other Threads:
  0x0000000014f27800 VMThread [stack: 0x0000000015fd0000,0x00000000160d0000] [id=10700]
  0x00000000166e4000 WatcherThread [stack: 0x0000000016d30000,0x0000000016e30000] [id=9764]

VM state:not at safepoint (normal execution)

VM Mutex/Monitor currently owned by a thread: None

Heap:
 PSYoungGen      total 37888K, used 22004K [0x00000000eab00000, 0x00000000ed500000, 0x0000000100000000)
  eden space 32768K, 51% used [0x00000000eab00000,0x00000000ebb7f248,0x00000000ecb00000)
  from space 5120K, 99% used [0x00000000ecb00000,0x00000000ecffe038,0x00000000ed000000)
  to   space 5120K, 0% used [0x00000000ed000000,0x00000000ed000000,0x00000000ed500000)
 ParOldGen       total 86016K, used 1859K [0x00000000c0000000, 0x00000000c5400000, 0x00000000eab00000)
  object space 86016K, 2% used [0x00000000c0000000,0x00000000c01d0d08,0x00000000c5400000)
 Metaspace       used 6081K, capacity 6966K, committed 7040K, reserved 1056768K
  class space    used 604K, capacity 622K, committed 640K, reserved 1048576K

Card table byte_map: [0x0000000011c50000,0x0000000011e60000] byte_map_base: 0x0000000011650000

Marking Bits: (ParMarkBitMap*) 0x000000006122a5b0
 Begin Bits: [0x00000000123c0000, 0x00000000133c0000)
 End Bits:   [0x00000000133c0000, 0x00000000143c0000)

Polling page: 0x00000000026d0000

CodeCache: size=245760Kb used=5277Kb max_used=5277Kb free=240482Kb
 bounds [0x0000000002890000, 0x0000000002dc0000, 0x0000000011890000]
 total_blobs=1574 nmethods=1303 adapters=184
 compilation: enabled

Compilation events (10 events):
Event: 4.200 Thread 0x0000000016688800 nmethod 1300 0x0000000002d962d0 code [0x0000000002d96420, 0x0000000002d96628]
Event: 4.201 Thread 0x0000000016688800 1305       4       com.android.dx.ssa.Dominators::compress (229 bytes)
Event: 4.203 Thread 0x000000001668c800 1310       3       com.android.dx.ssa.back.InterferenceGraph::<init> (42 bytes)
Event: 4.204 Thread 0x000000001668c800 nmethod 1310 0x0000000002d990d0 code [0x0000000002d992e0, 0x0000000002d99da8]
Event: 4.205 Thread 0x000000001668c800 1311       3       com.android.dx.ssa.back.FirstFitLocalCombiningAllocator::handleUnassociatedParameters (60 bytes)
Event: 4.206 Thread 0x000000001668c800 nmethod 1311 0x0000000002d985d0 code [0x0000000002d98780, 0x0000000002d98e38]
Event: 4.206 Thread 0x000000001668c800 1312       3       com.android.dx.rop.cst.CstKnownNull::equals (5 bytes)
Event: 4.206 Thread 0x000000001668c800 nmethod 1312 0x0000000002d98190 code [0x0000000002d982e0, 0x0000000002d98530]
Event: 4.207 Thread 0x000000001668c800 1313       3       com.android.dx.util.LabeledList::<init> (57 bytes)
Event: 4.208 Thread 0x000000001668c800 nmethod 1313 0x0000000002da7e50 code [0x0000000002da8080, 0x0000000002da8d38]

GC Heap History (2 events):
Event: 2.622 GC heap before
{Heap before GC invocations=1 (full 0):
 PSYoungGen      total 37888K, used 32768K [0x00000000eab00000, 0x00000000ed500000, 0x0000000100000000)
  eden space 32768K, 100% used [0x00000000eab00000,0x00000000ecb00000,0x00000000ecb00000)
  from space 5120K, 0% used [0x00000000ed000000,0x00000000ed000000,0x00000000ed500000)
  to   space 5120K, 0% used [0x00000000ecb00000,0x00000000ecb00000,0x00000000ed000000)
 ParOldGen       total 86016K, used 0K [0x00000000c0000000, 0x00000000c5400000, 0x00000000eab00000)
  object space 86016K, 0% used [0x00000000c0000000,0x00000000c0000000,0x00000000c5400000)
 Metaspace       used 6041K, capacity 6966K, committed 7040K, reserved 1056768K
  class space    used 604K, capacity 622K, committed 640K, reserved 1048576K
Event: 3.088 GC heap after
Heap after GC invocations=1 (full 0):
 PSYoungGen      total 37888K, used 5112K [0x00000000eab00000, 0x00000000ed500000, 0x0000000100000000)
  eden space 32768K, 0% used [0x00000000eab00000,0x00000000eab00000,0x00000000ecb00000)
  from space 5120K, 99% used [0x00000000ecb00000,0x00000000ecffe038,0x00000000ed000000)
  to   space 5120K, 0% used [0x00000000ed000000,0x00000000ed000000,0x00000000ed500000)
 ParOldGen       total 86016K, used 1859K [0x00000000c0000000, 0x00000000c5400000, 0x00000000eab00000)
  object space 86016K, 2% used [0x00000000c0000000,0x00000000c01d0d08,0x00000000c5400000)
 Metaspace       used 6041K, capacity 6966K, committed 7040K, reserved 1056768K
  class space    used 604K, capacity 622K, committed 640K, reserved 1048576K
}

Deoptimization events (10 events):
Event: 1.004 Thread 0x0000000016809000 Uncommon trap: reason=unstable_if action=reinterpret pc=0x0000000002aa20b0 method=java.util.BitSet.nextSetBit(I)I @ 87
Event: 1.822 Thread 0x0000000016809000 Uncommon trap: reason=unstable_if action=reinterpret pc=0x0000000002c6fd64 method=com.android.dx.ssa.SsaRenamer$BlockRenamer.addMapping(ILcom/android/dx/rop/code/RegisterSpec;)V @ 120
Event: 1.912 Thread 0x0000000016808000 Uncommon trap: reason=unstable_if action=reinterpret pc=0x0000000002b8b99c method=com.android.dx.rop.code.RegisterSpec.equals(ILcom/android/dx/rop/type/TypeBearer;Lcom/android/dx/rop/code/LocalItem;)Z @ 42
Event: 2.190 Thread 0x0000000016809000 Uncommon trap: reason=class_check action=maybe_recompile pc=0x0000000002d00084 method=com.android.dx.ssa.SCCP.setLatticeValueTo(IILcom/android/dx/rop/cst/Constant;)Z @ 43
Event: 2.191 Thread 0x0000000016809000 Uncommon trap: reason=class_check action=maybe_recompile pc=0x0000000002d00084 method=com.android.dx.ssa.SCCP.setLatticeValueTo(IILcom/android/dx/rop/cst/Constant;)Z @ 43
Event: 2.192 Thread 0x0000000016809000 Uncommon trap: reason=bimorphic action=maybe_recompile pc=0x0000000002aacc1c method=java.util.HashMap.getNode(ILjava/lang/Object;)Ljava/util/HashMap$Node; @ 126
Event: 2.192 Thread 0x0000000016809000 Uncommon trap: reason=class_check action=maybe_recompile pc=0x0000000002c02678 method=java.util.HashMap.putVal(ILjava/lang/Object;Ljava/lang/Object;ZZ)Ljava/lang/Object; @ 203
Event: 2.214 Thread 0x0000000016808000 Uncommon trap: reason=class_check action=maybe_recompile pc=0x0000000002d00084 method=com.android.dx.ssa.SCCP.setLatticeValueTo(IILcom/android/dx/rop/cst/Constant;)Z @ 43
Event: 2.214 Thread 0x0000000016808000 Uncommon trap: reason=class_check action=maybe_recompile pc=0x0000000002d00084 method=com.android.dx.ssa.SCCP.setLatticeValueTo(IILcom/android/dx/rop/cst/Constant;)Z @ 43
Event: 2.223 Thread 0x00000000167e6000 Uncommon trap: reason=null_check action=make_not_entrant pc=0x0000000002b7a9a8 method=com.android.dx.ssa.SsaRenamer.getLocalForNewReg(I)Lcom/android/dx/rop/code/LocalItem; @ 19

Internal exceptions (3 events):
Event: 0.060 Thread 0x000000000271e000 Exception <a 'java/lang/NoSuchMethodError': Method sun.misc.Unsafe.defineClass(Ljava/lang/String;[BII)Ljava/lang/Class; name or signature does not match> (0x00000000eab13088) thrown at [C:\re\workspace\8-2-build-windows-amd64-cygwin\jdk8u60\4407\hotspot\srç√à:óÆ?
Event: 0.060 Thread 0x000000000271e000 Exception <a 'java/lang/NoSuchMethodError': Method sun.misc.Unsafe.prefetchRead(Ljava/lang/Object;J)V name or signature does not match> (0x00000000eab13370) thrown at [C:\re\workspace\8-2-build-windows-amd64-cygwin\jdk8u60\4407\hotspot\src\share\vm\prims\jO´(&…@
Event: 2.223 Thread 0x00000000167e6000 Implicit null exception at 0x0000000002b78deb to 0x0000000002b7a961

Events (10 events):
Event: 3.088 Executing VM operation: ParallelGCFailedAllocation done
Event: 3.141 Thread 0x000000001680b000 DEOPT PACKING pc=0x0000000002ac3c2d sp=0x000000001732e6d0
Event: 3.141 Thread 0x000000001680b000 DEOPT UNPACKING pc=0x00000000028d787f sp=0x000000001732e4c0 mode 0
Event: 3.159 Thread 0x0000000016808000 DEOPT PACKING pc=0x0000000002ac3c2d sp=0x000000001712edc0
Event: 3.159 Thread 0x0000000016808000 DEOPT UNPACKING pc=0x00000000028d787f sp=0x000000001712ebb0 mode 0
Event: 3.213 Thread 0x0000000016809000 DEOPT PACKING pc=0x0000000002ac3c2d sp=0x000000001722eed0
Event: 3.213 Thread 0x0000000016809000 DEOPT UNPACKING pc=0x00000000028d787f sp=0x000000001722ecb0 mode 0
Event: 3.242 Thread 0x00000000167e6000 DEOPT PACKING pc=0x0000000002ac3c2d sp=0x0000000016f2e8c0
Event: 3.242 Thread 0x00000000167e6000 DEOPT UNPACKING pc=0x00000000028d787f sp=0x0000000016f2e6a0 mode 0
Event: 3.245 Thread 0x00000000167e6000 Thread exited: 0x00000000167e6000


Dynamic libraries:
0x00007ff7416d0000 - 0x00007ff741707000 	C:\Program Files\Java\jdk1.8.0_60\bin\java.exe
0x00007ffaad4c0000 - 0x00007ffaad681000 	C:\Windows\SYSTEM32\ntdll.dll
0x00007ffaabe30000 - 0x00007ffaabedd000 	C:\Windows\system32\KERNEL32.DLL
0x00007ffaa9d90000 - 0x00007ffaa9f78000 	C:\Windows\system32\KERNELBASE.dll
0x00007ffaaca30000 - 0x00007ffaacad7000 	C:\Windows\system32\ADVAPI32.dll
0x00007ffaac530000 - 0x00007ffaac5cd000 	C:\Windows\system32\msvcrt.dll
0x00007ffaacd60000 - 0x00007ffaacdbb000 	C:\Windows\system32\sechost.dll
0x00007ffaad1f0000 - 0x00007ffaad30c000 	C:\Windows\system32\RPCRT4.dll
0x00007ffaac630000 - 0x00007ffaac786000 	C:\Windows\system32\USER32.dll
0x00007ffaac8a0000 - 0x00007ffaaca26000 	C:\Windows\system32\GDI32.dll
0x00007ffaa5530000 - 0x00007ffaa57a4000 	C:\Windows\WinSxS\amd64_microsoft.windows.common-controls_6595b64144ccf1df_6.0.10586.0_none_8c15ae12515e1c22\COMCTL32.dll
0x00007ffaacae0000 - 0x00007ffaacd5d000 	C:\Windows\system32\combase.dll
0x00007ffaa9b70000 - 0x00007ffaa9bda000 	C:\Windows\system32\bcryptPrimitives.dll
0x00007ffaac800000 - 0x00007ffaac83b000 	C:\Windows\system32\IMM32.DLL
0x00007ffaa99d0000 - 0x00007ffaa9a01000 	C:\Windows\system32\nvinitx.dll
0x00007ffaa99c0000 - 0x00007ffaa99ca000 	C:\Windows\SYSTEM32\VERSION.dll
0x00000000630c0000 - 0x00000000630c6000 	C:\Program Files\NVIDIA Corporation\CoProcManager\_etoured.dll
0x00007ffaa6fc0000 - 0x00007ffaa6ff3000 	C:\Program Files\NVIDIA Corporation\CoProcManager\nvd3d9wrapx.dll
0x00007ffaacdc0000 - 0x00007ffaad1e9000 	C:\Windows\system32\SETUPAPI.dll
0x00007ffaaa7c0000 - 0x00007ffaaa803000 	C:\Windows\system32\CFGMGR32.dll
0x00007ffaa6f90000 - 0x00007ffaa6fb2000 	C:\Program Files\NVIDIA Corporation\CoProcManager\nvdxgiwrapx.dll
0x0000000060600000 - 0x00000000606d2000 	C:\Program Files\Java\jdk1.8.0_60\jre\bin\msvcr100.dll
0x0000000060a20000 - 0x00000000612a9000 	C:\Program Files\Java\jdk1.8.0_60\jre\bin\server\jvm.dll
0x00007ffaac7f0000 - 0x00007ffaac7f8000 	C:\Windows\system32\PSAPI.DLL
0x00007ffa9fb90000 - 0x00007ffa9fb99000 	C:\Windows\SYSTEM32\WSOCK32.dll
0x00007ffaac4c0000 - 0x00007ffaac52b000 	C:\Windows\system32\WS2_32.dll
0x00007ffaa8080000 - 0x00007ffaa80a3000 	C:\Windows\SYSTEM32\WINMM.dll
0x00007ffaa7d70000 - 0x00007ffaa7d9c000 	C:\Windows\SYSTEM32\WINMMBASE.dll
0x00000000613a0000 - 0x00000000613af000 	C:\Program Files\Java\jdk1.8.0_60\jre\bin\verify.dll
0x0000000061370000 - 0x0000000061399000 	C:\Program Files\Java\jdk1.8.0_60\jre\bin\java.dll
0x0000000061350000 - 0x0000000061366000 	C:\Program Files\Java\jdk1.8.0_60\jre\bin\zip.dll
0x00007ffaaa8d0000 - 0x00007ffaabe2c000 	C:\Windows\system32\SHELL32.dll
0x00007ffaa9fa0000 - 0x00007ffaaa5e4000 	C:\Windows\system32\windows.storage.dll
0x00007ffaac840000 - 0x00007ffaac892000 	C:\Windows\system32\shlwapi.dll
0x00007ffaa9b60000 - 0x00007ffaa9b6f000 	C:\Windows\system32\kernel.appcore.dll
0x00007ffaa9be0000 - 0x00007ffaa9c95000 	C:\Windows\system32\shcore.dll
0x00007ffaa9ae0000 - 0x00007ffaa9b2b000 	C:\Windows\system32\powrprof.dll
0x00007ffaa9b30000 - 0x00007ffaa9b44000 	C:\Windows\system32\profapi.dll

VM Arguments:
jvm_args: -Djava.awt.headless=true -Xmx1024M -Dfile.encoding=GBK -Duser.country=CN -Duser.language=zh -Duser.variant 
java_command: com.android.dx.command.Main --dex --force-jumbo --num-threads=4 --multi-dex --output D:\library\document\GitHub\ManLvTu-android\fleetingtime\app\build\intermediates\transforms\dex\debug\folders\1000\10\instant-run_59badc8b831d57dbcfda289ad61068df16626867 D:\library\document\GitHub\ManLvTu-android\fleetingtime\app\build\intermediates\incremental-runtime-classes\debug\instant-run.jar
java_class_path (initial): D:\software\Android\sdk\build-tools\23.0.3\lib\dx.jar
Launcher Type: SUN_STANDARD

Environment Variables:
PATH=C:\ProgramData\Oracle\Java\javapath;C:\Windows\system32;C:\Windows;C:\Windows\System32\Wbem;C:\Windows\System32\WindowsPowerShell\v1.0\;C:\Users\wilbert\.dnx\bin;C:\Program Files\Microsoft DNX\Dnvm\;C:\Program Files (x86)\Windows Kits\8.1\Windows Performance Toolkit\;C:\Program Files (x86)\NVIDIA Corporation\PhysX\Common;C:\Program Files\Java\jdk1.8.0_60\bin;C:\Windows\system32;C:\Windows;C:\Windows\System32\Wbem;C:\Windows\System32\WindowsPowerShell\v1.0\;C:\Program Files\OpenVPN\bin;C:\Program Files\nodejs\;C:\TDM-GCC-64\bin;D:\software\Android\sdk\platform-tools;C:\Users\wilbert\Anaconda3;C:\Users\wilbert\Anaconda3\Scripts;C:\Users\wilbert\Anaconda3\Library\bin;C:\Users\wilbert\AppData\Local\Programs\Python\Python35\Scripts\;C:\Users\wilbert\AppData\Local\Programs\Python\Python35\;C:\Users\wilbert\AppData\Roaming\npm;C:\Program Files (x86)\Microsoft VS Code\bin;D:\software\Android\sdk\platform-tools
USERNAME=wilbert
OS=Windows_NT
PROCESSOR_IDENTIFIER=Intel64 Family 6 Model 58 Stepping 9, GenuineIntel



---------------  S Y S T E M  ---------------

OS: Windows 10.0 , 64 bit Build 10586 (10.0.10586.0)

CPU:total 4 (2 cores per cpu, 2 threads per core) family 6 model 58 stepping 9, cmov, cx8, fxsr, mmx, sse, sse2, sse3, ssse3, sse4.1, sse4.2, popcnt, avx, aes, clmul, erms, ht, tsc, tscinvbit, tscinv

Memory: 4k page, physical 8223080k(1116056k free), swap 8223080k(3640k free)

vm_info: Java HotSpot(TM) 64-Bit Server VM (25.60-b23) for windows-amd64 JRE (1.8.0_60-b27), built on Aug  4 2015 11:06:27 by "java_re" with MS VC++ 10.0 (VS2010)

time: Mon Jun 27 14:03:54 2016
elapsed time: 4 seconds (0d 0h 0m 4s)

