#
# There is insufficient memory for the Java Runtime Environment to continue.
# Native memory allocation (malloc) failed to allocate 335696 bytes for Chunk::new
# Possible reasons:
#   The system is out of physical RAM or swap space
#   In 32 bit mode, the process size limit was hit
# Possible solutions:
#   Reduce memory load on the system
#   Increase physical memory or swap space
#   Check if swap backing store is full
#   Use 64 bit Java on a 64 bit OS
#   Decrease Java heap size (-Xmx/-Xms)
#   Decrease number of Java threads
#   Decrease Java thread stack sizes (-Xss)
#   Set larger code cache with -XX:ReservedCodeCacheSize=
# This output file may be truncated or incomplete.
#
#  Out of Memory Error (allocation.cpp:390), pid=11932, tid=13004
#
# JRE version: Java(TM) SE Runtime Environment (8.0_60-b27) (build 1.8.0_60-b27)
# Java VM: Java HotSpot(TM) 64-Bit Server VM (25.60-b23 mixed mode windows-amd64 compressed oops)
# Failed to write core dump. Minidumps are not enabled by default on client versions of Windows
#

---------------  T H R E A D  ---------------

Current thread (0x0000000014fde000):  JavaThread "C2 CompilerThread1" daemon [_thread_in_native, id=13004, stack(0x0000000016a50000,0x0000000016b50000)]

Stack: [0x0000000016a50000,0x0000000016b50000]
[error occurred during error reporting (printing stack bounds), id 0xc0000005]

Native frames: (J=compiled Java code, j=interpreted, Vv=VM code, C=native code)


Current CompileTask:
C2:   4168 1438   !   4       com.android.dx.cf.code.BytecodeArray::parseInstruction (2764 bytes)


---------------  P R O C E S S  ---------------

Java Threads: ( => current thread )
  0x0000000016947800 JavaThread "pool-2-thread-4" [_thread_in_Java, id=10048, stack(0x0000000017a50000,0x0000000017b50000)]
  0x00000000168b5800 JavaThread "pool-2-thread-3" [_thread_in_Java, id=13132, stack(0x0000000017950000,0x0000000017a50000)]
  0x00000000168b4800 JavaThread "pool-2-thread-2" [_thread_blocked, id=5208, stack(0x0000000017850000,0x0000000017950000)]
  0x00000000168b2000 JavaThread "pool-3-thread-1" [_thread_blocked, id=11204, stack(0x0000000017750000,0x0000000017850000)]
  0x00000000168b1000 JavaThread "pool-2-thread-1" [_thread_blocked, id=12516, stack(0x0000000017650000,0x0000000017750000)]
  0x00000000166c3000 JavaThread "Service Thread" daemon [_thread_blocked, id=14304, stack(0x0000000016c50000,0x0000000016d50000)]
  0x00000000166ac800 JavaThread "C1 CompilerThread2" daemon [_thread_blocked, id=10432, stack(0x0000000016b50000,0x0000000016c50000)]
=>0x0000000014fde000 JavaThread "C2 CompilerThread1" daemon [_thread_in_native, id=13004, stack(0x0000000016a50000,0x0000000016b50000)]
  0x0000000014fdc000 JavaThread "C2 CompilerThread0" daemon [_thread_blocked, id=12684, stack(0x0000000016550000,0x0000000016650000)]
  0x0000000014fd9000 JavaThread "Attach Listener" daemon [_thread_blocked, id=10780, stack(0x0000000016450000,0x0000000016550000)]
  0x0000000014f8e800 JavaThread "Signal Dispatcher" daemon [_thread_blocked, id=11520, stack(0x0000000016350000,0x0000000016450000)]
  0x00000000028a0800 JavaThread "Finalizer" daemon [_thread_blocked, id=8144, stack(0x00000000161f0000,0x00000000162f0000)]
  0x000000000289d800 JavaThread "Reference Handler" daemon [_thread_blocked, id=13192, stack(0x00000000160f0000,0x00000000161f0000)]
  0x00000000027ae000 JavaThread "main" [_thread_in_Java, id=13872, stack(0x0000000002660000,0x0000000002760000)]

Other Threads:
  0x0000000014f48000 VMThread [stack: 0x0000000015ff0000,0x00000000160f0000] [id=1832]
  0x0000000016717000 WatcherThread [stack: 0x0000000016d50000,0x0000000016e50000] [id=1092]

VM state:not at safepoint (normal execution)

VM Mutex/Monitor currently owned by a thread: None

Heap:
 PSYoungGen      total 37888K, used 31531K [0x00000000eab00000, 0x00000000ed500000, 0x0000000100000000)
  eden space 32768K, 80% used [0x00000000eab00000,0x00000000ec4cb9f0,0x00000000ecb00000)
  from space 5120K, 99% used [0x00000000ecb00000,0x00000000ecfff2c8,0x00000000ed000000)
  to   space 5120K, 0% used [0x00000000ed000000,0x00000000ed000000,0x00000000ed500000)
 ParOldGen       total 86016K, used 899K [0x00000000c0000000, 0x00000000c5400000, 0x00000000eab00000)
  object space 86016K, 1% used [0x00000000c0000000,0x00000000c00e0de8,0x00000000c5400000)
 Metaspace       used 6210K, capacity 7028K, committed 7296K, reserved 1056768K
  class space    used 605K, capacity 620K, committed 640K, reserved 1048576K

Card table byte_map: [0x0000000011c70000,0x0000000011e80000] byte_map_base: 0x0000000011670000

Marking Bits: (ParMarkBitMap*) 0x000000006122a5b0
 Begin Bits: [0x00000000123e0000, 0x00000000133e0000)
 End Bits:   [0x00000000133e0000, 0x00000000143e0000)

Polling page: 0x00000000025c0000

CodeCache: size=245760Kb used=6052Kb max_used=6064Kb free=239707Kb
 bounds [0x00000000028b0000, 0x0000000002eb0000, 0x00000000118b0000]
 total_blobs=1738 nmethods=1467 adapters=184
 compilation: enabled

Compilation events (10 events):
Event: 3.910 Thread 0x0000000014fdc000 1403       4       java.lang.StringBuilder::append (8 bytes)
Event: 3.917 Thread 0x0000000014fdc000 nmethod 1403 0x0000000002e96e10 code [0x0000000002e96f60, 0x0000000002e97338]
Event: 3.917 Thread 0x0000000014fdc000 1432       4       com.android.dx.rop.code.Insn::getLocalAssignment (48 bytes)
Event: 3.919 Thread 0x0000000014fdc000 nmethod 1432 0x0000000002e93d50 code [0x0000000002e93ea0, 0x0000000002e93f98]
Event: 3.919 Thread 0x0000000014fdc000 1401       4       com.android.dx.cf.code.BasicBlocker::addWorkIfNecessary (32 bytes)
Event: 3.921 Thread 0x0000000014fdc000 nmethod 1401 0x0000000002e96990 code [0x0000000002e96ae0, 0x0000000002e96c18]
Event: 3.921 Thread 0x0000000014fdc000 1468       4       com.android.dx.rop.code.PlainInsn::withNewRegisters (18 bytes)
Event: 3.924 Thread 0x0000000014fdc000 nmethod 1468 0x0000000002e96450 code [0x0000000002e965a0, 0x0000000002e96758]
Event: 3.924 Thread 0x0000000014fdc000 1440       4       com.android.dx.rop.type.Type::isIntlike (56 bytes)
Event: 3.924 Thread 0x0000000014fdc000 nmethod 1440 0x0000000002e7cd10 code [0x0000000002e7ce40, 0x0000000002e7ceb8]

GC Heap History (2 events):
Event: 2.685 GC heap before
{Heap before GC invocations=1 (full 0):
 PSYoungGen      total 37888K, used 32768K [0x00000000eab00000, 0x00000000ed500000, 0x0000000100000000)
  eden space 32768K, 100% used [0x00000000eab00000,0x00000000ecb00000,0x00000000ecb00000)
  from space 5120K, 0% used [0x00000000ed000000,0x00000000ed000000,0x00000000ed500000)
  to   space 5120K, 0% used [0x00000000ecb00000,0x00000000ecb00000,0x00000000ed000000)
 ParOldGen       total 86016K, used 0K [0x00000000c0000000, 0x00000000c5400000, 0x00000000eab00000)
  object space 86016K, 0% used [0x00000000c0000000,0x00000000c0000000,0x00000000c5400000)
 Metaspace       used 5990K, capacity 6900K, committed 7040K, reserved 1056768K
  class space    used 599K, capacity 620K, committed 640K, reserved 1048576K
Event: 2.694 GC heap after
Heap after GC invocations=1 (full 0):
 PSYoungGen      total 37888K, used 5116K [0x00000000eab00000, 0x00000000ed500000, 0x0000000100000000)
  eden space 32768K, 0% used [0x00000000eab00000,0x00000000eab00000,0x00000000ecb00000)
  from space 5120K, 99% used [0x00000000ecb00000,0x00000000ecfff2c8,0x00000000ed000000)
  to   space 5120K, 0% used [0x00000000ed000000,0x00000000ed000000,0x00000000ed500000)
 ParOldGen       total 86016K, used 899K [0x00000000c0000000, 0x00000000c5400000, 0x00000000eab00000)
  object space 86016K, 1% used [0x00000000c0000000,0x00000000c00e0de8,0x00000000c5400000)
 Metaspace       used 5990K, capacity 6900K, committed 7040K, reserved 1056768K
  class space    used 599K, capacity 620K, committed 640K, reserved 1048576K
}

Deoptimization events (4 events):
Event: 2.325 Thread 0x00000000168b1000 Uncommon trap: reason=unstable_if action=reinterpret pc=0x0000000002c64aa4 method=com.android.dx.rop.code.LocalItem.hashCode()I @ 25
Event: 2.358 Thread 0x0000000016947800 Uncommon trap: reason=unstable_if action=reinterpret pc=0x0000000002c1cedc method=com.android.dx.rop.cst.Constant.compareTo(Lcom/android/dx/rop/cst/Constant;)I @ 12
Event: 2.803 Thread 0x00000000168b1000 Uncommon trap: reason=null_check action=make_not_entrant pc=0x0000000002c4ae60 method=com.android.dx.rop.type.Type.equals(Ljava/lang/Object;)Z @ 8
Event: 3.806 Thread 0x00000000168b1000 Uncommon trap: reason=unstable_if action=reinterpret pc=0x0000000002dee904 method=com.android.dx.ssa.SCCP.simulateStmt(Lcom/android/dx/ssa/SsaInsn;)V @ 53

Internal exceptions (3 events):
Event: 0.052 Thread 0x00000000027ae000 Exception <a 'java/lang/NoSuchMethodError': Method sun.misc.Unsafe.defineClass(Ljava/lang/String;[BII)Ljava/lang/Class; name or signature does not match> (0x00000000eab12d58) thrown at [C:\re\workspace\8-2-build-windows-amd64-cygwin\jdk8u60\4407\hotspot\srES¼¨ª?
Event: 0.052 Thread 0x00000000027ae000 Exception <a 'java/lang/NoSuchMethodError': Method sun.misc.Unsafe.prefetchRead(Ljava/lang/Object;J)V name or signature does not match> (0x00000000eab13040) thrown at [C:\re\workspace\8-2-build-windows-amd64-cygwin\jdk8u60\4407\hotspot\src\share\vm\prims\jýøë+÷k@
Event: 2.803 Thread 0x00000000168b1000 Implicit null exception at 0x0000000002c4ad62 to 0x0000000002c4ae52

Events (10 events):
Event: 3.018 loading class com/android/dx/dex/file/AnnotationSetRefItem done
Event: 3.033 loading class com/android/dx/cf/attrib/AttRuntimeInvisibleAnnotations
Event: 3.033 loading class com/android/dx/cf/attrib/AttRuntimeInvisibleAnnotations done
Event: 3.033 loading class com/android/dx/cf/attrib/BaseAnnotations
Event: 3.033 loading class com/android/dx/cf/attrib/BaseAnnotations done
Event: 3.806 Thread 0x00000000168b1000 Uncommon trap: trap_request=0xffffff65 fr.pc=0x0000000002dee904
Event: 3.806 Thread 0x00000000168b1000 DEOPT PACKING pc=0x0000000002dee904 sp=0x000000001774ebf0
Event: 3.806 Thread 0x00000000168b1000 DEOPT UNPACKING pc=0x00000000028f582a sp=0x000000001774ec18 mode 2
Event: 3.818 loading class com/android/dx/cf/code/SwitchList
Event: 3.818 loading class com/android/dx/cf/code/SwitchList done


Dynamic libraries:
0x00007ff7416d0000 - 0x00007ff741707000 	C:\Program Files\Java\jdk1.8.0_60\bin\java.exe
0x00007ffaad4c0000 - 0x00007ffaad681000 	C:\Windows\SYSTEM32\ntdll.dll
0x00007ffaabe30000 - 0x00007ffaabedd000 	C:\Windows\system32\KERNEL32.DLL
0x00007ffaa9d90000 - 0x00007ffaa9f78000 	C:\Windows\system32\KERNELBASE.dll
0x00007ffaaca30000 - 0x00007ffaacad7000 	C:\Windows\system32\ADVAPI32.dll
0x00007ffaac530000 - 0x00007ffaac5cd000 	C:\Windows\system32\msvcrt.dll
0x00007ffaacd60000 - 0x00007ffaacdbb000 	C:\Windows\system32\sechost.dll
0x00007ffaad1f0000 - 0x00007ffaad30c000 	C:\Windows\system32\RPCRT4.dll
0x00007ffaac630000 - 0x00007ffaac786000 	C:\Windows\system32\USER32.dll
0x00007ffaac8a0000 - 0x00007ffaaca26000 	C:\Windows\system32\GDI32.dll
0x00007ffaa5530000 - 0x00007ffaa57a4000 	C:\Windows\WinSxS\amd64_microsoft.windows.common-controls_6595b64144ccf1df_6.0.10586.0_none_8c15ae12515e1c22\COMCTL32.dll
0x00007ffaacae0000 - 0x00007ffaacd5d000 	C:\Windows\system32\combase.dll
0x00007ffaa9b70000 - 0x00007ffaa9bda000 	C:\Windows\system32\bcryptPrimitives.dll
0x00007ffaac800000 - 0x00007ffaac83b000 	C:\Windows\system32\IMM32.DLL
0x00007ffaa99d0000 - 0x00007ffaa9a01000 	C:\Windows\system32\nvinitx.dll
0x00007ffaa99c0000 - 0x00007ffaa99ca000 	C:\Windows\SYSTEM32\VERSION.dll
0x00000000630c0000 - 0x00000000630c6000 	C:\Program Files\NVIDIA Corporation\CoProcManager\_etoured.dll
0x00007ffaa6fc0000 - 0x00007ffaa6ff3000 	C:\Program Files\NVIDIA Corporation\CoProcManager\nvd3d9wrapx.dll
0x00007ffaacdc0000 - 0x00007ffaad1e9000 	C:\Windows\system32\SETUPAPI.dll
0x00007ffaaa7c0000 - 0x00007ffaaa803000 	C:\Windows\system32\CFGMGR32.dll
0x00007ffaa6f90000 - 0x00007ffaa6fb2000 	C:\Program Files\NVIDIA Corporation\CoProcManager\nvdxgiwrapx.dll
0x0000000060600000 - 0x00000000606d2000 	C:\Program Files\Java\jdk1.8.0_60\jre\bin\msvcr100.dll
0x0000000060a20000 - 0x00000000612a9000 	C:\Program Files\Java\jdk1.8.0_60\jre\bin\server\jvm.dll
0x00007ffaac7f0000 - 0x00007ffaac7f8000 	C:\Windows\system32\PSAPI.DLL
0x00007ffa9fb90000 - 0x00007ffa9fb99000 	C:\Windows\SYSTEM32\WSOCK32.dll
0x00007ffaac4c0000 - 0x00007ffaac52b000 	C:\Windows\system32\WS2_32.dll
0x00007ffaa8080000 - 0x00007ffaa80a3000 	C:\Windows\SYSTEM32\WINMM.dll
0x00007ffaa7d70000 - 0x00007ffaa7d9c000 	C:\Windows\SYSTEM32\WINMMBASE.dll
0x00000000613a0000 - 0x00000000613af000 	C:\Program Files\Java\jdk1.8.0_60\jre\bin\verify.dll
0x0000000061370000 - 0x0000000061399000 	C:\Program Files\Java\jdk1.8.0_60\jre\bin\java.dll
0x0000000061350000 - 0x0000000061366000 	C:\Program Files\Java\jdk1.8.0_60\jre\bin\zip.dll
0x00007ffaaa8d0000 - 0x00007ffaabe2c000 	C:\Windows\system32\SHELL32.dll
0x00007ffaa9fa0000 - 0x00007ffaaa5e4000 	C:\Windows\system32\windows.storage.dll
0x00007ffaac840000 - 0x00007ffaac892000 	C:\Windows\system32\shlwapi.dll
0x00007ffaa9b60000 - 0x00007ffaa9b6f000 	C:\Windows\system32\kernel.appcore.dll
0x00007ffaa9be0000 - 0x00007ffaa9c95000 	C:\Windows\system32\shcore.dll
0x00007ffaa9ae0000 - 0x00007ffaa9b2b000 	C:\Windows\system32\powrprof.dll
0x00007ffaa9b30000 - 0x00007ffaa9b44000 	C:\Windows\system32\profapi.dll

VM Arguments:
jvm_args: -Djava.awt.headless=true -Xmx1024M -Dfile.encoding=GBK -Duser.country=CN -Duser.language=zh -Duser.variant 
java_command: com.android.dx.command.Main --dex --force-jumbo --num-threads=4 --multi-dex --output D:\library\document\GitHub\ManLvTu-android\fleetingtime\app\build\intermediates\transforms\dex\debug\folders\1000\10\internal_impl-23.3.0_6eda003191b3224e5a9f720d5fefb3e80b03ef24 D:\library\document\GitHub\ManLvTu-android\fleetingtime\app\build\intermediates\exploded-aar\com.android.support\support-v4\23.3.0\jars\libs\internal_impl-23.3.0.jar
java_class_path (initial): D:\software\Android\sdk\build-tools\23.0.3\lib\dx.jar
Launcher Type: SUN_STANDARD

Environment Variables:
PATH=C:\ProgramData\Oracle\Java\javapath;C:\Windows\system32;C:\Windows;C:\Windows\System32\Wbem;C:\Windows\System32\WindowsPowerShell\v1.0\;C:\Users\wilbert\.dnx\bin;C:\Program Files\Microsoft DNX\Dnvm\;C:\Program Files (x86)\Windows Kits\8.1\Windows Performance Toolkit\;C:\Program Files (x86)\NVIDIA Corporation\PhysX\Common;C:\Program Files\Java\jdk1.8.0_60\bin;C:\Windows\system32;C:\Windows;C:\Windows\System32\Wbem;C:\Windows\System32\WindowsPowerShell\v1.0\;C:\Program Files\OpenVPN\bin;C:\Program Files\nodejs\;C:\TDM-GCC-64\bin;D:\software\Android\sdk\platform-tools;C:\Users\wilbert\Anaconda3;C:\Users\wilbert\Anaconda3\Scripts;C:\Users\wilbert\Anaconda3\Library\bin;C:\Users\wilbert\AppData\Local\Programs\Python\Python35\Scripts\;C:\Users\wilbert\AppData\Local\Programs\Python\Python35\;C:\Users\wilbert\AppData\Roaming\npm;C:\Program Files (x86)\Microsoft VS Code\bin;D:\software\Android\sdk\platform-tools
USERNAME=wilbert
OS=Windows_NT
PROCESSOR_IDENTIFIER=Intel64 Family 6 Model 58 Stepping 9, GenuineIntel



---------------  S Y S T E M  ---------------

OS: Windows 10.0 , 64 bit Build 10586 (10.0.10586.0)

CPU:total 4 (2 cores per cpu, 2 threads per core) family 6 model 58 stepping 9, cmov, cx8, fxsr, mmx, sse, sse2, sse3, ssse3, sse4.1, sse4.2, popcnt, avx, aes, clmul, erms, ht, tsc, tscinvbit, tscinv

Memory: 4k page, physical 8223080k(1117764k free), swap 8223080k(4644k free)

vm_info: Java HotSpot(TM) 64-Bit Server VM (25.60-b23) for windows-amd64 JRE (1.8.0_60-b27), built on Aug  4 2015 11:06:27 by "java_re" with MS VC++ 10.0 (VS2010)

time: Mon Jun 27 14:03:54 2016
elapsed time: 4 seconds (0d 0h 0m 4s)

