#
# There is insufficient memory for the Java Runtime Environment to continue.
# Native memory allocation (malloc) failed to allocate 1024176 bytes for Chunk::new
# Possible reasons:
#   The system is out of physical RAM or swap space
#   In 32 bit mode, the process size limit was hit
# Possible solutions:
#   Reduce memory load on the system
#   Increase physical memory or swap space
#   Check if swap backing store is full
#   Use 64 bit Java on a 64 bit OS
#   Decrease Java heap size (-Xmx/-Xms)
#   Decrease number of Java threads
#   Decrease Java thread stack sizes (-Xss)
#   Set larger code cache with -XX:ReservedCodeCacheSize=
# This output file may be truncated or incomplete.
#
#  Out of Memory Error (allocation.cpp:390), pid=4688, tid=324
#
# JRE version: Java(TM) SE Runtime Environment (8.0_60-b27) (build 1.8.0_60-b27)
# Java VM: Java HotSpot(TM) 64-Bit Server VM (25.60-b23 mixed mode windows-amd64 compressed oops)
# Failed to write core dump. Minidumps are not enabled by default on client versions of Windows
#

---------------  T H R E A D  ---------------

Current thread (0x0000000014e2e000):  JavaThread "C2 CompilerThread1" daemon [_thread_in_native, id=324, stack(0x0000000016820000,0x0000000016920000)]

Stack: [0x0000000016820000,0x0000000016920000]
[error occurred during error reporting (printing stack bounds), id 0xc0000005]

Native frames: (J=compiled Java code, j=interpreted, Vv=VM code, C=native code)


Current CompileTask:
C2:   4150 1308       4       com.android.dx.ssa.SCCP::simulateBranch (666 bytes)


---------------  P R O C E S S  ---------------

Java Threads: ( => current thread )
  0x0000000016695000 JavaThread "pool-2-thread-4" [_thread_in_Java, id=4144, stack(0x0000000017020000,0x0000000017120000)]
  0x0000000016693800 JavaThread "pool-2-thread-3" [_thread_in_vm, id=11916, stack(0x0000000016f20000,0x0000000017020000)]
  0x00000000166a0000 JavaThread "pool-2-thread-2" [_thread_in_Java, id=8372, stack(0x0000000016e20000,0x0000000016f20000)]
  0x000000001672a000 JavaThread "pool-3-thread-1" [_thread_blocked, id=3840, stack(0x0000000016d20000,0x0000000016e20000)]
  0x0000000016729800 JavaThread "pool-2-thread-1" [_thread_in_Java, id=7680, stack(0x0000000016c20000,0x0000000016d20000)]
  0x0000000016482000 JavaThread "Service Thread" daemon [_thread_blocked, id=5212, stack(0x0000000016a20000,0x0000000016b20000)]
  0x000000001647c800 JavaThread "C1 CompilerThread2" daemon [_thread_blocked, id=9184, stack(0x0000000016920000,0x0000000016a20000)]
=>0x0000000014e2e000 JavaThread "C2 CompilerThread1" daemon [_thread_in_native, id=324, stack(0x0000000016820000,0x0000000016920000)]
  0x0000000014e2c000 JavaThread "C2 CompilerThread0" daemon [_thread_in_native, id=14044, stack(0x0000000016320000,0x0000000016420000)]
  0x0000000014e29000 JavaThread "Attach Listener" daemon [_thread_blocked, id=8488, stack(0x0000000016220000,0x0000000016320000)]
  0x0000000014dde800 JavaThread "Signal Dispatcher" daemon [_thread_blocked, id=9164, stack(0x0000000016120000,0x0000000016220000)]
  0x00000000026f6800 JavaThread "Finalizer" daemon [_thread_blocked, id=3632, stack(0x0000000016020000,0x0000000016120000)]
  0x00000000026ed800 JavaThread "Reference Handler" daemon [_thread_blocked, id=7844, stack(0x0000000015f20000,0x0000000016020000)]
  0x00000000024fe000 JavaThread "main" [_thread_in_vm, id=5224, stack(0x0000000002500000,0x0000000002600000)]

Other Threads:
  0x0000000014d98000 VMThread [stack: 0x0000000015e20000,0x0000000015f20000] [id=11740]
  0x00000000164e5800 WatcherThread [stack: 0x0000000016b20000,0x0000000016c20000] [id=7220]

VM state:not at safepoint (normal execution)

VM Mutex/Monitor currently owned by a thread: None

Heap:
 PSYoungGen      total 37888K, used 17682K [0x00000000eab00000, 0x00000000ed500000, 0x0000000100000000)
  eden space 32768K, 38% used [0x00000000eab00000,0x00000000eb744d20,0x00000000ecb00000)
  from space 5120K, 99% used [0x00000000ecb00000,0x00000000ecfffc98,0x00000000ed000000)
  to   space 5120K, 0% used [0x00000000ed000000,0x00000000ed000000,0x00000000ed500000)
 ParOldGen       total 86016K, used 1409K [0x00000000c0000000, 0x00000000c5400000, 0x00000000eab00000)
  object space 86016K, 1% used [0x00000000c0000000,0x00000000c0160548,0x00000000c5400000)
 Metaspace       used 6136K, capacity 6966K, committed 7040K, reserved 1056768K
  class space    used 597K, capacity 622K, committed 640K, reserved 1048576K

Card table byte_map: [0x0000000011ac0000,0x0000000011cd0000] byte_map_base: 0x00000000114c0000

Marking Bits: (ParMarkBitMap*) 0x000000006122a5b0
 Begin Bits: [0x0000000012230000, 0x0000000013230000)
 End Bits:   [0x0000000013230000, 0x0000000014230000)

Polling page: 0x0000000002340000

CodeCache: size=245760Kb used=5690Kb max_used=5703Kb free=240069Kb
 bounds [0x0000000002700000, 0x0000000002ca0000, 0x0000000011700000]
 total_blobs=1645 nmethods=1375 adapters=183
 compilation: enabled

Compilation events (10 events):
Event: 4.135 Thread 0x000000001647c800 nmethod 1371 0x0000000002c6ee50 code [0x0000000002c6f0a0, 0x0000000002c70068]
Event: 4.139 Thread 0x000000001647c800 1373       3       com.android.dx.ssa.SsaBasicBlock::insertNewSuccessor (228 bytes)
Event: 4.141 Thread 0x000000001647c800 nmethod 1373 0x0000000002c89f50 code [0x0000000002c8a280, 0x0000000002c8b7a8]
Event: 4.144 Thread 0x000000001647c800 1374       3       com.android.dx.cf.direct.MethodListParser::set (30 bytes)
Event: 4.145 Thread 0x000000001647c800 nmethod 1374 0x0000000002c8c250 code [0x0000000002c8c440, 0x0000000002c8ce78]
Event: 4.145 Thread 0x000000001647c800 1380       3       com.android.dx.cf.iface.StdAttributeList::byteLength (35 bytes)
Event: 4.146 Thread 0x000000001647c800 nmethod 1380 0x0000000002c8d6d0 code [0x0000000002c8d880, 0x0000000002c8def8]
Event: 4.146 Thread 0x000000001647c800 1375       3       com.android.dx.cf.iface.StdMember::getDescriptor (8 bytes)
Event: 4.146 Thread 0x000000001647c800 nmethod 1375 0x0000000002c6ea50 code [0x0000000002c6eba0, 0x0000000002c6ed90]
Event: 4.146 Thread 0x000000001647c800 1376       3       com.android.dx.rop.type.Prototype::intern (31 bytes)

GC Heap History (2 events):
Event: 3.061 GC heap before
{Heap before GC invocations=1 (full 0):
 PSYoungGen      total 37888K, used 32768K [0x00000000eab00000, 0x00000000ed500000, 0x0000000100000000)
  eden space 32768K, 100% used [0x00000000eab00000,0x00000000ecb00000,0x00000000ecb00000)
  from space 5120K, 0% used [0x00000000ed000000,0x00000000ed000000,0x00000000ed500000)
  to   space 5120K, 0% used [0x00000000ecb00000,0x00000000ecb00000,0x00000000ed000000)
 ParOldGen       total 86016K, used 0K [0x00000000c0000000, 0x00000000c5400000, 0x00000000eab00000)
  object space 86016K, 0% used [0x00000000c0000000,0x00000000c0000000,0x00000000c5400000)
 Metaspace       used 6011K, capacity 6902K, committed 7040K, reserved 1056768K
  class space    used 596K, capacity 622K, committed 640K, reserved 1048576K
Event: 3.822 GC heap after
Heap after GC invocations=1 (full 0):
 PSYoungGen      total 37888K, used 5119K [0x00000000eab00000, 0x00000000ed500000, 0x0000000100000000)
  eden space 32768K, 0% used [0x00000000eab00000,0x00000000eab00000,0x00000000ecb00000)
  from space 5120K, 99% used [0x00000000ecb00000,0x00000000ecfffc98,0x00000000ed000000)
  to   space 5120K, 0% used [0x00000000ed000000,0x00000000ed000000,0x00000000ed500000)
 ParOldGen       total 86016K, used 1409K [0x00000000c0000000, 0x00000000c5400000, 0x00000000eab00000)
  object space 86016K, 1% used [0x00000000c0000000,0x00000000c0160548,0x00000000c5400000)
 Metaspace       used 6011K, capacity 6902K, committed 7040K, reserved 1056768K
  class space    used 596K, capacity 622K, committed 640K, reserved 1048576K
}

Deoptimization events (5 events):
Event: 1.160 Thread 0x0000000016695000 Uncommon trap: reason=unstable_if action=reinterpret pc=0x000000000291cc20 method=java.util.HashMap.getNode(ILjava/lang/Object;)Ljava/util/HashMap$Node; @ 62
Event: 1.178 Thread 0x0000000016693800 Uncommon trap: reason=unstable_if action=reinterpret pc=0x000000000291c070 method=java.util.BitSet.nextSetBit(I)I @ 87
Event: 2.552 Thread 0x00000000024fe000 Uncommon trap: reason=unstable_if action=reinterpret pc=0x0000000002a763c8 method=java.lang.String.<init>([CII)V @ 18
Event: 2.555 Thread 0x00000000024fe000 Uncommon trap: reason=unstable_if action=reinterpret pc=0x00000000028eb4a8 method=java.lang.String.<init>([CII)V @ 18
Event: 4.050 Thread 0x00000000166a0000 Uncommon trap: reason=unstable_if action=reinterpret pc=0x000000000291e668 method=java.util.HashMap.getNode(ILjava/lang/Object;)Ljava/util/HashMap$Node; @ 62

Internal exceptions (2 events):
Event: 0.060 Thread 0x00000000024fe000 Exception <a 'java/lang/NoSuchMethodError': Method sun.misc.Unsafe.defineClass(Ljava/lang/String;[BII)Ljava/lang/Class; name or signature does not match> (0x00000000eab12d38) thrown at [C:\re\workspace\8-2-build-windows-amd64-cygwin\jdk8u60\4407\hotspot\sr$fà2w¤®?
Event: 0.060 Thread 0x00000000024fe000 Exception <a 'java/lang/NoSuchMethodError': Method sun.misc.Unsafe.prefetchRead(Ljava/lang/Object;J)V name or signature does not match> (0x00000000eab13020) thrown at [C:\re\workspace\8-2-build-windows-amd64-cygwin\jdk8u60\4407\hotspot\src\share\vm\prims\j

Events (10 events):
Event: 2.555 Thread 0x00000000024fe000 DEOPT UNPACKING pc=0x000000000274582a sp=0x00000000025fe248 mode 2
Event: 2.614 Executing VM operation: ParallelGCFailedAllocation
Event: 3.822 Executing VM operation: ParallelGCFailedAllocation done
Event: 3.888 loading class com/android/dx/cf/attrib/AttDeprecated
Event: 3.888 loading class com/android/dx/cf/attrib/AttDeprecated done
Event: 4.012 loading class com/android/dx/cf/code/BytecodeArray$ConstantParserVisitor
Event: 4.012 loading class com/android/dx/cf/code/BytecodeArray$ConstantParserVisitor done
Event: 4.050 Thread 0x00000000166a0000 Uncommon trap: trap_request=0xffffff65 fr.pc=0x000000000291e668
Event: 4.050 Thread 0x00000000166a0000 DEOPT PACKING pc=0x000000000291e668 sp=0x0000000016f1e9d0
Event: 4.050 Thread 0x00000000166a0000 DEOPT UNPACKING pc=0x000000000274582a sp=0x0000000016f1e8f0 mode 2


Dynamic libraries:
0x00007ff7416d0000 - 0x00007ff741707000 	C:\Program Files\Java\jdk1.8.0_60\bin\java.exe
0x00007ffaad4c0000 - 0x00007ffaad681000 	C:\Windows\SYSTEM32\ntdll.dll
0x00007ffaabe30000 - 0x00007ffaabedd000 	C:\Windows\system32\KERNEL32.DLL
0x00007ffaa9d90000 - 0x00007ffaa9f78000 	C:\Windows\system32\KERNELBASE.dll
0x00007ffaaca30000 - 0x00007ffaacad7000 	C:\Windows\system32\ADVAPI32.dll
0x00007ffaac530000 - 0x00007ffaac5cd000 	C:\Windows\system32\msvcrt.dll
0x00007ffaacd60000 - 0x00007ffaacdbb000 	C:\Windows\system32\sechost.dll
0x00007ffaad1f0000 - 0x00007ffaad30c000 	C:\Windows\system32\RPCRT4.dll
0x00007ffaac630000 - 0x00007ffaac786000 	C:\Windows\system32\USER32.dll
0x00007ffaac8a0000 - 0x00007ffaaca26000 	C:\Windows\system32\GDI32.dll
0x00007ffaa5530000 - 0x00007ffaa57a4000 	C:\Windows\WinSxS\amd64_microsoft.windows.common-controls_6595b64144ccf1df_6.0.10586.0_none_8c15ae12515e1c22\COMCTL32.dll
0x00007ffaacae0000 - 0x00007ffaacd5d000 	C:\Windows\system32\combase.dll
0x00007ffaa9b70000 - 0x00007ffaa9bda000 	C:\Windows\system32\bcryptPrimitives.dll
0x00007ffaac800000 - 0x00007ffaac83b000 	C:\Windows\system32\IMM32.DLL
0x00007ffaa99d0000 - 0x00007ffaa9a01000 	C:\Windows\system32\nvinitx.dll
0x00007ffaa99c0000 - 0x00007ffaa99ca000 	C:\Windows\SYSTEM32\VERSION.dll
0x00000000630c0000 - 0x00000000630c6000 	C:\Program Files\NVIDIA Corporation\CoProcManager\_etoured.dll
0x00007ffaa6fc0000 - 0x00007ffaa6ff3000 	C:\Program Files\NVIDIA Corporation\CoProcManager\nvd3d9wrapx.dll
0x00007ffaacdc0000 - 0x00007ffaad1e9000 	C:\Windows\system32\SETUPAPI.dll
0x00007ffaaa7c0000 - 0x00007ffaaa803000 	C:\Windows\system32\CFGMGR32.dll
0x00007ffaa6f90000 - 0x00007ffaa6fb2000 	C:\Program Files\NVIDIA Corporation\CoProcManager\nvdxgiwrapx.dll
0x0000000060600000 - 0x00000000606d2000 	C:\Program Files\Java\jdk1.8.0_60\jre\bin\msvcr100.dll
0x0000000060a20000 - 0x00000000612a9000 	C:\Program Files\Java\jdk1.8.0_60\jre\bin\server\jvm.dll
0x00007ffaac7f0000 - 0x00007ffaac7f8000 	C:\Windows\system32\PSAPI.DLL
0x00007ffa9fb90000 - 0x00007ffa9fb99000 	C:\Windows\SYSTEM32\WSOCK32.dll
0x00007ffaac4c0000 - 0x00007ffaac52b000 	C:\Windows\system32\WS2_32.dll
0x00007ffaa8080000 - 0x00007ffaa80a3000 	C:\Windows\SYSTEM32\WINMM.dll
0x00007ffaa7d70000 - 0x00007ffaa7d9c000 	C:\Windows\SYSTEM32\WINMMBASE.dll
0x00000000613a0000 - 0x00000000613af000 	C:\Program Files\Java\jdk1.8.0_60\jre\bin\verify.dll
0x0000000061370000 - 0x0000000061399000 	C:\Program Files\Java\jdk1.8.0_60\jre\bin\java.dll
0x0000000061350000 - 0x0000000061366000 	C:\Program Files\Java\jdk1.8.0_60\jre\bin\zip.dll
0x00007ffaaa8d0000 - 0x00007ffaabe2c000 	C:\Windows\system32\SHELL32.dll
0x00007ffaa9fa0000 - 0x00007ffaaa5e4000 	C:\Windows\system32\windows.storage.dll
0x00007ffaac840000 - 0x00007ffaac892000 	C:\Windows\system32\shlwapi.dll
0x00007ffaa9b60000 - 0x00007ffaa9b6f000 	C:\Windows\system32\kernel.appcore.dll
0x00007ffaa9be0000 - 0x00007ffaa9c95000 	C:\Windows\system32\shcore.dll
0x00007ffaa9ae0000 - 0x00007ffaa9b2b000 	C:\Windows\system32\powrprof.dll
0x00007ffaa9b30000 - 0x00007ffaa9b44000 	C:\Windows\system32\profapi.dll

VM Arguments:
jvm_args: -Djava.awt.headless=true -Xmx1024M -Dfile.encoding=GBK -Duser.country=CN -Duser.language=zh -Duser.variant 
java_command: com.android.dx.command.Main --dex --force-jumbo --num-threads=4 --multi-dex --output D:\library\document\GitHub\ManLvTu-android\fleetingtime\app\build\intermediates\transforms\dex\debug\folders\1000\2\AMap_Search_V3.3.0_20160616_d7e2477de24fb6a76221281b6900eb84d68b99cb D:\library\document\GitHub\ManLvTu-android\fleetingtime\app\libs\AMap_Search_V3.3.0_20160616.jar
java_class_path (initial): D:\software\Android\sdk\build-tools\23.0.3\lib\dx.jar
Launcher Type: SUN_STANDARD

Environment Variables:
PATH=C:\ProgramData\Oracle\Java\javapath;C:\Windows\system32;C:\Windows;C:\Windows\System32\Wbem;C:\Windows\System32\WindowsPowerShell\v1.0\;C:\Users\wilbert\.dnx\bin;C:\Program Files\Microsoft DNX\Dnvm\;C:\Program Files (x86)\Windows Kits\8.1\Windows Performance Toolkit\;C:\Program Files (x86)\NVIDIA Corporation\PhysX\Common;C:\Program Files\Java\jdk1.8.0_60\bin;C:\Windows\system32;C:\Windows;C:\Windows\System32\Wbem;C:\Windows\System32\WindowsPowerShell\v1.0\;C:\Program Files\OpenVPN\bin;C:\Program Files\nodejs\;C:\TDM-GCC-64\bin;D:\software\Android\sdk\platform-tools;C:\Users\wilbert\Anaconda3;C:\Users\wilbert\Anaconda3\Scripts;C:\Users\wilbert\Anaconda3\Library\bin;C:\Users\wilbert\AppData\Local\Programs\Python\Python35\Scripts\;C:\Users\wilbert\AppData\Local\Programs\Python\Python35\;C:\Users\wilbert\AppData\Roaming\npm;C:\Program Files (x86)\Microsoft VS Code\bin;D:\software\Android\sdk\platform-tools
USERNAME=wilbert
OS=Windows_NT
PROCESSOR_IDENTIFIER=Intel64 Family 6 Model 58 Stepping 9, GenuineIntel



---------------  S Y S T E M  ---------------

OS: Windows 10.0 , 64 bit Build 10586 (10.0.10586.0)

CPU:total 4 (2 cores per cpu, 2 threads per core) family 6 model 58 stepping 9, cmov, cx8, fxsr, mmx, sse, sse2, sse3, ssse3, sse4.1, sse4.2, popcnt, avx, aes, clmul, erms, ht, tsc, tscinvbit, tscinv

Memory: 4k page, physical 8223080k(1119240k free), swap 8223080k(5652k free)

vm_info: Java HotSpot(TM) 64-Bit Server VM (25.60-b23) for windows-amd64 JRE (1.8.0_60-b27), built on Aug  4 2015 11:06:27 by "java_re" with MS VC++ 10.0 (VS2010)

time: Mon Jun 27 14:03:54 2016
elapsed time: 4 seconds (0d 0h 0m 4s)

