#
# There is insufficient memory for the Java Runtime Environment to continue.
# Native memory allocation (malloc) failed to allocate 180416 bytes for Chunk::new
# Possible reasons:
#   The system is out of physical RAM or swap space
#   In 32 bit mode, the process size limit was hit
# Possible solutions:
#   Reduce memory load on the system
#   Increase physical memory or swap space
#   Check if swap backing store is full
#   Use 64 bit Java on a 64 bit OS
#   Decrease Java heap size (-Xmx/-Xms)
#   Decrease number of Java threads
#   Decrease Java thread stack sizes (-Xss)
#   Set larger code cache with -XX:ReservedCodeCacheSize=
# This output file may be truncated or incomplete.
#
#  Out of Memory Error (allocation.cpp:390), pid=12900, tid=3832
#
# JRE version: Java(TM) SE Runtime Environment (8.0_60-b27) (build 1.8.0_60-b27)
# Java VM: Java HotSpot(TM) 64-Bit Server VM (25.60-b23 mixed mode windows-amd64 compressed oops)
# Failed to write core dump. Minidumps are not enabled by default on client versions of Windows
#

---------------  T H R E A D  ---------------

Current thread (0x0000000015b7e000):  JavaThread "C2 CompilerThread1" daemon [_thread_in_native, id=3832, stack(0x00000000175f0000,0x00000000176f0000)]

Stack: [0x00000000175f0000,0x00000000176f0000]
[error occurred during error reporting (printing stack bounds), id 0xc0000005]

Native frames: (J=compiled Java code, j=interpreted, Vv=VM code, C=native code)


Current CompileTask:
C2:  14829 1705       4       com.android.dx.ssa.SCCP::simulateBranch (666 bytes)


---------------  P R O C E S S  ---------------

Java Threads: ( => current thread )
  0x000000001747d800 JavaThread "pool-2-thread-4" [_thread_blocked, id=7080, stack(0x0000000017df0000,0x0000000017ef0000)]
  0x000000001747d000 JavaThread "pool-2-thread-3" [_thread_blocked, id=13732, stack(0x0000000017cf0000,0x0000000017df0000)]
  0x0000000017472000 JavaThread "pool-2-thread-2" [_thread_blocked, id=12300, stack(0x0000000017bf0000,0x0000000017cf0000)]
  0x0000000017469800 JavaThread "pool-3-thread-1" [_thread_blocked, id=5596, stack(0x0000000017af0000,0x0000000017bf0000)]
  0x000000001745e000 JavaThread "pool-2-thread-1" [_thread_blocked, id=3752, stack(0x00000000179f0000,0x0000000017af0000)]
  0x000000001725a000 JavaThread "Service Thread" daemon [_thread_blocked, id=14052, stack(0x00000000177f0000,0x00000000178f0000)]
  0x000000001724c800 JavaThread "C1 CompilerThread2" daemon [_thread_blocked, id=3704, stack(0x00000000176f0000,0x00000000177f0000)]
=>0x0000000015b7e000 JavaThread "C2 CompilerThread1" daemon [_thread_in_native, id=3832, stack(0x00000000175f0000,0x00000000176f0000)]
  0x0000000015b7c000 JavaThread "C2 CompilerThread0" daemon [_thread_in_native, id=12436, stack(0x00000000170f0000,0x00000000171f0000)]
  0x0000000015b79000 JavaThread "Attach Listener" daemon [_thread_blocked, id=12304, stack(0x0000000016ff0000,0x00000000170f0000)]
  0x0000000015b2e800 JavaThread "Signal Dispatcher" daemon [_thread_blocked, id=13884, stack(0x0000000016ef0000,0x0000000016ff0000)]
  0x0000000003410800 JavaThread "Finalizer" daemon [_thread_blocked, id=10044, stack(0x0000000016d80000,0x0000000016e80000)]
  0x000000000340d800 JavaThread "Reference Handler" daemon [_thread_blocked, id=9984, stack(0x0000000016c80000,0x0000000016d80000)]
  0x000000000125e000 JavaThread "main" [_thread_in_Java, id=9036, stack(0x0000000003220000,0x0000000003320000)]

Other Threads:
  0x0000000015ae8000 VMThread [stack: 0x0000000016b80000,0x0000000016c80000] [id=12440]
  0x0000000017256000 WatcherThread [stack: 0x00000000178f0000,0x00000000179f0000] [id=14164]

VM state:not at safepoint (normal execution)

VM Mutex/Monitor currently owned by a thread: None

Heap:
 PSYoungGen      total 70656K, used 42660K [0x00000000eab00000, 0x00000000ef500000, 0x0000000100000000)
  eden space 65536K, 57% used [0x00000000eab00000,0x00000000ecfb1268,0x00000000eeb00000)
  from space 5120K, 99% used [0x00000000ef000000,0x00000000ef4f8040,0x00000000ef500000)
  to   space 5120K, 0% used [0x00000000eeb00000,0x00000000eeb00000,0x00000000ef000000)
 ParOldGen       total 86016K, used 7361K [0x00000000c0000000, 0x00000000c5400000, 0x00000000eab00000)
  object space 86016K, 8% used [0x00000000c0000000,0x00000000c07305b8,0x00000000c5400000)
 Metaspace       used 6353K, capacity 7128K, committed 7424K, reserved 1056768K
  class space    used 626K, capacity 656K, committed 768K, reserved 1048576K

Card table byte_map: [0x00000000127f0000,0x0000000012a00000] byte_map_base: 0x00000000121f0000

Marking Bits: (ParMarkBitMap*) 0x000000006122a5b0
 Begin Bits: [0x0000000012f60000, 0x0000000013f60000)
 End Bits:   [0x0000000013f60000, 0x0000000014f60000)

Polling page: 0x00000000031f0000

CodeCache: size=245760Kb used=7640Kb max_used=7653Kb free=238119Kb
 bounds [0x0000000003430000, 0x0000000003bc0000, 0x0000000012430000]
 total_blobs=1916 nmethods=1645 adapters=184
 compilation: enabled

Compilation events (10 events):
Event: 14.158 Thread 0x0000000015b7e000 nmethod 1695 0x0000000003b99f90 code [0x0000000003b9a100, 0x0000000003b9a2b8]
Event: 14.158 Thread 0x0000000015b7e000 1703       4       java.util.HashMap::resize (359 bytes)
Event: 14.173 Thread 0x0000000015b7e000 nmethod 1703 0x0000000003b90a50 code [0x0000000003b90be0, 0x0000000003b91158]
Event: 14.173 Thread 0x0000000015b7e000 1693       4       com.android.dx.cf.code.ByteCatchList::toRopCatchList (57 bytes)
Event: 14.181 Thread 0x0000000015b7e000 nmethod 1693 0x0000000003b90250 code [0x0000000003b903c0, 0x0000000003b907d8]
Event: 14.181 Thread 0x0000000015b7e000 1704       4       com.android.dx.ssa.SsaBasicBlock::exitBlockFixup (58 bytes)
Event: 14.206 Thread 0x0000000015b7e000 nmethod 1704 0x0000000003b95590 code [0x0000000003b95700, 0x0000000003b961d8]
Event: 14.206 Thread 0x0000000015b7e000 1694       4       com.android.dx.cf.code.RopperMachine::startBlock (48 bytes)
Event: 14.209 Thread 0x0000000015b7e000 nmethod 1694 0x0000000003b8f110 code [0x0000000003b8f240, 0x0000000003b8f378]
Event: 14.737 Thread 0x0000000015b7e000 1705       4       com.android.dx.ssa.SCCP::simulateBranch (666 bytes)

GC Heap History (4 events):
Event: 8.132 GC heap before
{Heap before GC invocations=1 (full 0):
 PSYoungGen      total 37888K, used 32768K [0x00000000eab00000, 0x00000000ed500000, 0x0000000100000000)
  eden space 32768K, 100% used [0x00000000eab00000,0x00000000ecb00000,0x00000000ecb00000)
  from space 5120K, 0% used [0x00000000ed000000,0x00000000ed000000,0x00000000ed500000)
  to   space 5120K, 0% used [0x00000000ecb00000,0x00000000ecb00000,0x00000000ed000000)
 ParOldGen       total 86016K, used 0K [0x00000000c0000000, 0x00000000c5400000, 0x00000000eab00000)
  object space 86016K, 0% used [0x00000000c0000000,0x00000000c0000000,0x00000000c5400000)
 Metaspace       used 6067K, capacity 6964K, committed 7040K, reserved 1056768K
  class space    used 601K, capacity 620K, committed 640K, reserved 1048576K
Event: 8.807 GC heap after
Heap after GC invocations=1 (full 0):
 PSYoungGen      total 37888K, used 5096K [0x00000000eab00000, 0x00000000ef500000, 0x0000000100000000)
  eden space 32768K, 0% used [0x00000000eab00000,0x00000000eab00000,0x00000000ecb00000)
  from space 5120K, 99% used [0x00000000ecb00000,0x00000000ecffa050,0x00000000ed000000)
  to   space 5120K, 0% used [0x00000000ef000000,0x00000000ef000000,0x00000000ef500000)
 ParOldGen       total 86016K, used 1272K [0x00000000c0000000, 0x00000000c5400000, 0x00000000eab00000)
  object space 86016K, 1% used [0x00000000c0000000,0x00000000c013e148,0x00000000c5400000)
 Metaspace       used 6067K, capacity 6964K, committed 7040K, reserved 1056768K
  class space    used 601K, capacity 620K, committed 640K, reserved 1048576K
}
Event: 10.329 GC heap before
{Heap before GC invocations=2 (full 0):
 PSYoungGen      total 37888K, used 37864K [0x00000000eab00000, 0x00000000ef500000, 0x0000000100000000)
  eden space 32768K, 100% used [0x00000000eab00000,0x00000000ecb00000,0x00000000ecb00000)
  from space 5120K, 99% used [0x00000000ecb00000,0x00000000ecffa050,0x00000000ed000000)
  to   space 5120K, 0% used [0x00000000ef000000,0x00000000ef000000,0x00000000ef500000)
 ParOldGen       total 86016K, used 1272K [0x00000000c0000000, 0x00000000c5400000, 0x00000000eab00000)
  object space 86016K, 1% used [0x00000000c0000000,0x00000000c013e148,0x00000000c5400000)
 Metaspace       used 6200K, capacity 7028K, committed 7296K, reserved 1056768K
  class space    used 605K, capacity 620K, committed 640K, reserved 1048576K
Event: 10.734 GC heap after
Heap after GC invocations=2 (full 0):
 PSYoungGen      total 70656K, used 5088K [0x00000000eab00000, 0x00000000ef500000, 0x0000000100000000)
  eden space 65536K, 0% used [0x00000000eab00000,0x00000000eab00000,0x00000000eeb00000)
  from space 5120K, 99% used [0x00000000ef000000,0x00000000ef4f8040,0x00000000ef500000)
  to   space 5120K, 0% used [0x00000000eeb00000,0x00000000eeb00000,0x00000000ef000000)
 ParOldGen       total 86016K, used 7361K [0x00000000c0000000, 0x00000000c5400000, 0x00000000eab00000)
  object space 86016K, 8% used [0x00000000c0000000,0x00000000c07305b8,0x00000000c5400000)
 Metaspace       used 6200K, capacity 7028K, committed 7296K, reserved 1056768K
  class space    used 605K, capacity 620K, committed 640K, reserved 1048576K
}

Deoptimization events (10 events):
Event: 10.765 Thread 0x000000000125e000 Uncommon trap: reason=bimorphic action=maybe_recompile pc=0x000000000397b940 method=com.android.dx.ssa.LiteralOpUpgrader.tryReplacingWithConstant(Lcom/android/dx/ssa/NormalSsaInsn;)Z @ 52
Event: 10.934 Thread 0x000000001747d800 Uncommon trap: reason=unstable_if action=reinterpret pc=0x0000000003a39874 method=com.android.dx.ssa.SCCP.simulateBranch(Lcom/android/dx/ssa/SsaInsn;)V @ 64
Event: 11.500 Thread 0x0000000017472000 Uncommon trap: reason=bimorphic action=maybe_recompile pc=0x0000000003a997dc method=com.android.dx.cf.code.BaseMachine.getLocalTarget(Z)Lcom/android/dx/rop/code/RegisterSpec; @ 70
Event: 12.507 Thread 0x0000000017472000 Uncommon trap: reason=bimorphic action=maybe_recompile pc=0x0000000003a86758 method=com.android.dx.cf.code.BytecodeArray.parseInstruction(ILcom/android/dx/cf/code/BytecodeArray$Visitor;)I @ 907
Event: 12.507 Thread 0x0000000017472000 Uncommon trap: reason=bimorphic action=maybe_recompile pc=0x0000000003a86758 method=com.android.dx.cf.code.BytecodeArray.parseInstruction(ILcom/android/dx/cf/code/BytecodeArray$Visitor;)I @ 907
Event: 12.507 Thread 0x0000000017472000 Uncommon trap: reason=bimorphic action=maybe_recompile pc=0x0000000003a86758 method=com.android.dx.cf.code.BytecodeArray.parseInstruction(ILcom/android/dx/cf/code/BytecodeArray$Visitor;)I @ 907
Event: 12.507 Thread 0x0000000017472000 Uncommon trap: reason=bimorphic action=maybe_recompile pc=0x0000000003a86758 method=com.android.dx.cf.code.BytecodeArray.parseInstruction(ILcom/android/dx/cf/code/BytecodeArray$Visitor;)I @ 907
Event: 13.296 Thread 0x000000001747d000 Uncommon trap: reason=unstable_if action=reinterpret pc=0x0000000003794fd0 method=java.util.HashMap.putVal(ILjava/lang/Object;Ljava/lang/Object;ZZ)Ljava/lang/Object; @ 162
Event: 13.357 Thread 0x000000001747d000 Uncommon trap: reason=unstable_if action=reinterpret pc=0x00000000039a4ed8 method=java.util.HashMap.getNode(ILjava/lang/Object;)Ljava/util/HashMap$Node; @ 84
Event: 13.788 Thread 0x000000000125e000 Uncommon trap: reason=unstable_if action=reinterpret pc=0x0000000003b7c954 method=java.util.HashMap.getNode(ILjava/lang/Object;)Ljava/util/HashMap$Node; @ 84

Internal exceptions (6 events):
Event: 0.983 Thread 0x000000000125e000 Exception <a 'java/lang/NoSuchMethodError': Method sun.misc.Unsafe.defineClass(Ljava/lang/String;[BII)Ljava/lang/Class; name or signature does not match> (0x00000000eab13088) thrown at [C:\re\workspace\8-2-build-windows-amd64-cygwin\jdk8u60\4407\hotspot\sr<Ãa€yï?
Event: 0.984 Thread 0x000000000125e000 Exception <a 'java/lang/NoSuchMethodError': Method sun.misc.Unsafe.prefetchRead(Ljava/lang/Object;J)V name or signature does not match> (0x00000000eab13370) thrown at [C:\re\workspace\8-2-build-windows-amd64-cygwin\jdk8u60\4407\hotspot\src\share\vm\prims\j½gûW|s"@
Event: 9.226 Thread 0x000000001745e000 Implicit null exception at 0x000000000375aad2 to 0x000000000375c225
Event: 13.299 Thread 0x000000001747d000 Exception <a 'java/lang/ArrayIndexOutOfBoundsException': 18> (0x00000000ec4f9678) thrown at [C:\re\workspace\8-2-build-windows-amd64-cygwin\jdk8u60\4407\hotspot\src\share\vm\interpreter\interpreterRuntime.cpp, line 366]
Event: 13.299 Thread 0x000000001747d000 Exception <a 'java/lang/ArrayIndexOutOfBoundsException'> (0x00000000ec4fb1f8) thrown at [C:\re\workspace\8-2-build-windows-amd64-cygwin\jdk8u60\4407\hotspot\src\share\vm\runtime\sharedRuntime.cpp, line 605]
Event: 13.300 Thread 0x000000001747d000 Exception <a 'java/lang/ArrayIndexOutOfBoundsException'> (0x00000000ec4fc4e0) thrown at [C:\re\workspace\8-2-build-windows-amd64-cygwin\jdk8u60\4407\hotspot\src\share\vm\runtime\sharedRuntime.cpp, line 605]

Events (10 events):
Event: 13.357 Thread 0x000000001747d000 Uncommon trap: trap_request=0xffffff65 fr.pc=0x00000000039a4ed8
Event: 13.357 Thread 0x000000001747d000 DEOPT PACKING pc=0x00000000039a4ed8 sp=0x0000000017dee730
Event: 13.357 Thread 0x000000001747d000 DEOPT UNPACKING pc=0x000000000347582a sp=0x0000000017dee6a8 mode 2
Event: 13.405 Thread 0x000000000125e000 DEOPT PACKING pc=0x000000000378c16c sp=0x000000000331e310
Event: 13.405 Thread 0x000000000125e000 DEOPT UNPACKING pc=0x000000000347787f sp=0x000000000331e090 mode 0
Event: 13.788 Thread 0x000000000125e000 Uncommon trap: trap_request=0xffffff65 fr.pc=0x0000000003b7c954
Event: 13.789 Thread 0x000000000125e000 DEOPT PACKING pc=0x0000000003b7c954 sp=0x000000000331e250
Event: 13.789 Thread 0x000000000125e000 DEOPT UNPACKING pc=0x000000000347582a sp=0x000000000331df58 mode 2
Event: 13.792 Thread 0x000000000125e000 DEOPT PACKING pc=0x000000000377753d sp=0x000000000331e3d0
Event: 13.792 Thread 0x000000000125e000 DEOPT UNPACKING pc=0x000000000347787f sp=0x000000000331e170 mode 0


Dynamic libraries:
0x00007ff7416d0000 - 0x00007ff741707000 	C:\Program Files\Java\jdk1.8.0_60\bin\java.exe
0x00007ffaad4c0000 - 0x00007ffaad681000 	C:\Windows\SYSTEM32\ntdll.dll
0x00007ffaabe30000 - 0x00007ffaabedd000 	C:\Windows\system32\KERNEL32.DLL
0x00007ffaa9d90000 - 0x00007ffaa9f78000 	C:\Windows\system32\KERNELBASE.dll
0x00007ffaaca30000 - 0x00007ffaacad7000 	C:\Windows\system32\ADVAPI32.dll
0x00007ffaac530000 - 0x00007ffaac5cd000 	C:\Windows\system32\msvcrt.dll
0x00007ffaacd60000 - 0x00007ffaacdbb000 	C:\Windows\system32\sechost.dll
0x00007ffaad1f0000 - 0x00007ffaad30c000 	C:\Windows\system32\RPCRT4.dll
0x00007ffaac630000 - 0x00007ffaac786000 	C:\Windows\system32\USER32.dll
0x00007ffaac8a0000 - 0x00007ffaaca26000 	C:\Windows\system32\GDI32.dll
0x00007ffaa5530000 - 0x00007ffaa57a4000 	C:\Windows\WinSxS\amd64_microsoft.windows.common-controls_6595b64144ccf1df_6.0.10586.0_none_8c15ae12515e1c22\COMCTL32.dll
0x00007ffaacae0000 - 0x00007ffaacd5d000 	C:\Windows\system32\combase.dll
0x00007ffaa9b70000 - 0x00007ffaa9bda000 	C:\Windows\system32\bcryptPrimitives.dll
0x00007ffaac800000 - 0x00007ffaac83b000 	C:\Windows\system32\IMM32.DLL
0x00007ffaa99d0000 - 0x00007ffaa9a01000 	C:\Windows\system32\nvinitx.dll
0x00007ffaa99c0000 - 0x00007ffaa99ca000 	C:\Windows\SYSTEM32\VERSION.dll
0x00000000630c0000 - 0x00000000630c6000 	C:\Program Files\NVIDIA Corporation\CoProcManager\_etoured.dll
0x00007ffaa6fc0000 - 0x00007ffaa6ff3000 	C:\Program Files\NVIDIA Corporation\CoProcManager\nvd3d9wrapx.dll
0x00007ffaacdc0000 - 0x00007ffaad1e9000 	C:\Windows\system32\SETUPAPI.dll
0x00007ffaaa7c0000 - 0x00007ffaaa803000 	C:\Windows\system32\CFGMGR32.dll
0x00007ffaa6f90000 - 0x00007ffaa6fb2000 	C:\Program Files\NVIDIA Corporation\CoProcManager\nvdxgiwrapx.dll
0x0000000060600000 - 0x00000000606d2000 	C:\Program Files\Java\jdk1.8.0_60\jre\bin\msvcr100.dll
0x0000000060a20000 - 0x00000000612a9000 	C:\Program Files\Java\jdk1.8.0_60\jre\bin\server\jvm.dll
0x00007ffaac7f0000 - 0x00007ffaac7f8000 	C:\Windows\system32\PSAPI.DLL
0x00007ffa9fb90000 - 0x00007ffa9fb99000 	C:\Windows\SYSTEM32\WSOCK32.dll
0x00007ffaac4c0000 - 0x00007ffaac52b000 	C:\Windows\system32\WS2_32.dll
0x00007ffaa8080000 - 0x00007ffaa80a3000 	C:\Windows\SYSTEM32\WINMM.dll
0x00007ffaa7d70000 - 0x00007ffaa7d9c000 	C:\Windows\SYSTEM32\WINMMBASE.dll
0x00000000613a0000 - 0x00000000613af000 	C:\Program Files\Java\jdk1.8.0_60\jre\bin\verify.dll
0x0000000061370000 - 0x0000000061399000 	C:\Program Files\Java\jdk1.8.0_60\jre\bin\java.dll
0x0000000061350000 - 0x0000000061366000 	C:\Program Files\Java\jdk1.8.0_60\jre\bin\zip.dll
0x00007ffaaa8d0000 - 0x00007ffaabe2c000 	C:\Windows\system32\SHELL32.dll
0x00007ffaa9fa0000 - 0x00007ffaaa5e4000 	C:\Windows\system32\windows.storage.dll
0x00007ffaac840000 - 0x00007ffaac892000 	C:\Windows\system32\shlwapi.dll
0x00007ffaa9b60000 - 0x00007ffaa9b6f000 	C:\Windows\system32\kernel.appcore.dll
0x00007ffaa9be0000 - 0x00007ffaa9c95000 	C:\Windows\system32\shcore.dll
0x00007ffaa9ae0000 - 0x00007ffaa9b2b000 	C:\Windows\system32\powrprof.dll
0x00007ffaa9b30000 - 0x00007ffaa9b44000 	C:\Windows\system32\profapi.dll

VM Arguments:
jvm_args: -Djava.awt.headless=true -Xmx1024M -Dfile.encoding=GBK -Duser.country=CN -Duser.language=zh -Duser.variant 
java_command: com.android.dx.command.Main --dex --force-jumbo --num-threads=4 --multi-dex --output D:\library\document\GitHub\ManLvTu-android\fleetingtime\app\build\intermediates\transforms\dex\debug\folders\1000\10\com.android.support-recyclerview-v7-23.3.0_2a71b255716ea30409eca9de699f0bea15624959 D:\library\document\GitHub\ManLvTu-android\fleetingtime\app\build\intermediates\exploded-aar\com.android.support\recyclerview-v7\23.3.0\jars\classes.jar
java_class_path (initial): D:\software\Android\sdk\build-tools\23.0.3\lib\dx.jar
Launcher Type: SUN_STANDARD

Environment Variables:
PATH=C:\ProgramData\Oracle\Java\javapath;C:\Windows\system32;C:\Windows;C:\Windows\System32\Wbem;C:\Windows\System32\WindowsPowerShell\v1.0\;C:\Users\wilbert\.dnx\bin;C:\Program Files\Microsoft DNX\Dnvm\;C:\Program Files (x86)\Windows Kits\8.1\Windows Performance Toolkit\;C:\Program Files (x86)\NVIDIA Corporation\PhysX\Common;C:\Program Files\Java\jdk1.8.0_60\bin;C:\Windows\system32;C:\Windows;C:\Windows\System32\Wbem;C:\Windows\System32\WindowsPowerShell\v1.0\;C:\Program Files\OpenVPN\bin;C:\Program Files\nodejs\;C:\TDM-GCC-64\bin;D:\software\Android\sdk\platform-tools;C:\Users\wilbert\Anaconda3;C:\Users\wilbert\Anaconda3\Scripts;C:\Users\wilbert\Anaconda3\Library\bin;C:\Users\wilbert\AppData\Local\Programs\Python\Python35\Scripts\;C:\Users\wilbert\AppData\Local\Programs\Python\Python35\;C:\Users\wilbert\AppData\Roaming\npm;C:\Program Files (x86)\Microsoft VS Code\bin;D:\software\Android\sdk\platform-tools
USERNAME=wilbert
OS=Windows_NT
PROCESSOR_IDENTIFIER=Intel64 Family 6 Model 58 Stepping 9, GenuineIntel



---------------  S Y S T E M  ---------------

OS: Windows 10.0 , 64 bit Build 10586 (10.0.10586.0)

CPU:total 4 (2 cores per cpu, 2 threads per core) family 6 model 58 stepping 9, cmov, cx8, fxsr, mmx, sse, sse2, sse3, ssse3, sse4.1, sse4.2, popcnt, avx, aes, clmul, erms, ht, tsc, tscinvbit, tscinv

Memory: 4k page, physical 8223080k(1013884k free), swap 8223080k(7180k free)

vm_info: Java HotSpot(TM) 64-Bit Server VM (25.60-b23) for windows-amd64 JRE (1.8.0_60-b27), built on Aug  4 2015 11:06:27 by "java_re" with MS VC++ 10.0 (VS2010)

time: Mon Jun 27 14:04:09 2016
elapsed time: 14 seconds (0d 0h 0m 14s)

